{"/home/imammiko/Desktop/bootcamp/p3/final Project/Final-Project-Team5/server/app.js": {"path":"/home/imammiko/Desktop/bootcamp/p3/final Project/Final-Project-Team5/server/app.js","statementMap":{"0":{"start":{"line":1,"column":0},"end":{"line":1,"column":27}},"1":{"start":{"line":2,"column":16},"end":{"line":2,"column":34}},"2":{"start":{"line":3,"column":12},"end":{"line":3,"column":21}},"3":{"start":{"line":4,"column":15},"end":{"line":4,"column":43}},"4":{"start":{"line":5,"column":13},"end":{"line":5,"column":28}},"5":{"start":{"line":8,"column":4},"end":{"line":8,"column":52}},"6":{"start":{"line":9,"column":0},"end":{"line":9,"column":16}},"7":{"start":{"line":10,"column":0},"end":{"line":10,"column":24}},"8":{"start":{"line":11,"column":0},"end":{"line":11,"column":49}},"9":{"start":{"line":12,"column":0},"end":{"line":12,"column":16}},"10":{"start":{"line":14,"column":0},"end":{"line":14,"column":62}},"11":{"start":{"line":15,"column":0},"end":{"line":15,"column":57}},"12":{"start":{"line":16,"column":0},"end":{"line":16,"column":54}},"13":{"start":{"line":18,"column":0},"end":{"line":18,"column":21}}},"fnMap":{},"branchMap":{},"s":{"0":1,"1":1,"2":1,"3":1,"4":1,"5":1,"6":1,"7":1,"8":1,"9":1,"10":1,"11":1,"12":1,"13":1},"f":{},"b":{},"_coverageSchema":"1a1c01bbd47fc00a2c39e90264f33305004495a9","hash":"2bb1253a5ced87fb6c2182d7e5d9aefabbc890b3"}
,"/home/imammiko/Desktop/bootcamp/p3/final Project/Final-Project-Team5/server/controllers/businessLogicController.js": {"path":"/home/imammiko/Desktop/bootcamp/p3/final Project/Final-Project-Team5/server/controllers/businessLogicController.js","statementMap":{"0":{"start":{"line":10,"column":4},"end":{"line":10,"column":30}},"1":{"start":{"line":14,"column":2},"end":{"line":32,"column":3}},"2":{"start":{"line":15,"column":12},"end":{"line":15,"column":13}},"3":{"start":{"line":19,"column":18},"end":{"line":24,"column":5}},"4":{"start":{"line":26,"column":3},"end":{"line":26,"column":34}},"5":{"start":{"line":29,"column":3},"end":{"line":31,"column":56}},"6":{"start":{"line":36,"column":12},"end":{"line":36,"column":41}},"7":{"start":{"line":37,"column":2},"end":{"line":85,"column":3}},"8":{"start":{"line":38,"column":12},"end":{"line":38,"column":13}},"9":{"start":{"line":40,"column":35},"end":{"line":40,"column":43}},"10":{"start":{"line":41,"column":3},"end":{"line":41,"column":38}},"11":{"start":{"line":45,"column":16},"end":{"line":53,"column":4}},"12":{"start":{"line":56,"column":17},"end":{"line":61,"column":5}},"13":{"start":{"line":64,"column":16},"end":{"line":76,"column":4}},"14":{"start":{"line":77,"column":3},"end":{"line":77,"column":20}},"15":{"start":{"line":78,"column":3},"end":{"line":78,"column":45}},"16":{"start":{"line":80,"column":3},"end":{"line":80,"column":22}},"17":{"start":{"line":82,"column":3},"end":{"line":84,"column":56}},"18":{"start":{"line":89,"column":2},"end":{"line":128,"column":3}},"19":{"start":{"line":90,"column":12},"end":{"line":90,"column":13}},"20":{"start":{"line":92,"column":20},"end":{"line":92,"column":28}},"21":{"start":{"line":93,"column":3},"end":{"line":93,"column":20}},"22":{"start":{"line":94,"column":18},"end":{"line":99,"column":5}},"23":{"start":{"line":100,"column":14},"end":{"line":100,"column":30}},"24":{"start":{"line":101,"column":3},"end":{"line":108,"column":4}},"25":{"start":{"line":102,"column":4},"end":{"line":105,"column":6}},"26":{"start":{"line":107,"column":4},"end":{"line":107,"column":25}},"27":{"start":{"line":109,"column":19},"end":{"line":120,"column":4}},"28":{"start":{"line":121,"column":3},"end":{"line":121,"column":48}},"29":{"start":{"line":125,"column":3},"end":{"line":127,"column":56}},"30":{"start":{"line":132,"column":0},"end":{"line":134,"column":2}}},"fnMap":{"0":{"name":"(anonymous_0)","decl":{"start":{"line":13,"column":1},"end":{"line":13,"column":2}},"loc":{"start":{"line":13,"column":39},"end":{"line":33,"column":2}},"line":13},"1":{"name":"(anonymous_1)","decl":{"start":{"line":35,"column":1},"end":{"line":35,"column":2}},"loc":{"start":{"line":35,"column":42},"end":{"line":86,"column":2}},"line":35},"2":{"name":"(anonymous_2)","decl":{"start":{"line":88,"column":1},"end":{"line":88,"column":2}},"loc":{"start":{"line":88,"column":40},"end":{"line":129,"column":2}},"line":88}},"branchMap":{"0":{"loc":{"start":{"line":30,"column":12},"end":{"line":30,"column":29}},"type":"binary-expr","locations":[{"start":{"line":30,"column":12},"end":{"line":30,"column":22}},{"start":{"line":30,"column":26},"end":{"line":30,"column":29}}],"line":30},"1":{"loc":{"start":{"line":31,"column":21},"end":{"line":31,"column":52}},"type":"binary-expr","locations":[{"start":{"line":31,"column":21},"end":{"line":31,"column":34}},{"start":{"line":31,"column":38},"end":{"line":31,"column":52}}],"line":31},"2":{"loc":{"start":{"line":83,"column":12},"end":{"line":83,"column":29}},"type":"binary-expr","locations":[{"start":{"line":83,"column":12},"end":{"line":83,"column":22}},{"start":{"line":83,"column":26},"end":{"line":83,"column":29}}],"line":83},"3":{"loc":{"start":{"line":84,"column":21},"end":{"line":84,"column":52}},"type":"binary-expr","locations":[{"start":{"line":84,"column":21},"end":{"line":84,"column":34}},{"start":{"line":84,"column":38},"end":{"line":84,"column":52}}],"line":84},"4":{"loc":{"start":{"line":101,"column":3},"end":{"line":108,"column":4}},"type":"if","locations":[{"start":{"line":101,"column":3},"end":{"line":108,"column":4}},{"start":{"line":101,"column":3},"end":{"line":108,"column":4}}],"line":101},"5":{"loc":{"start":{"line":126,"column":12},"end":{"line":126,"column":29}},"type":"binary-expr","locations":[{"start":{"line":126,"column":12},"end":{"line":126,"column":22}},{"start":{"line":126,"column":26},"end":{"line":126,"column":29}}],"line":126},"6":{"loc":{"start":{"line":127,"column":21},"end":{"line":127,"column":52}},"type":"binary-expr","locations":[{"start":{"line":127,"column":21},"end":{"line":127,"column":34}},{"start":{"line":127,"column":38},"end":{"line":127,"column":52}}],"line":127}},"s":{"0":1,"1":0,"2":0,"3":0,"4":0,"5":0,"6":0,"7":0,"8":0,"9":0,"10":0,"11":0,"12":0,"13":0,"14":0,"15":0,"16":0,"17":0,"18":0,"19":0,"20":0,"21":0,"22":0,"23":0,"24":0,"25":0,"26":0,"27":0,"28":0,"29":0,"30":1},"f":{"0":0,"1":0,"2":0},"b":{"0":[0,0],"1":[0,0],"2":[0,0],"3":[0,0],"4":[0,0],"5":[0,0],"6":[0,0]},"_coverageSchema":"1a1c01bbd47fc00a2c39e90264f33305004495a9","hash":"884036c01049654d879ae21d0f4405c2a2c94a81"}
,"/home/imammiko/Desktop/bootcamp/p3/final Project/Final-Project-Team5/server/controllers/penjualanController.js": {"path":"/home/imammiko/Desktop/bootcamp/p3/final Project/Final-Project-Team5/server/controllers/penjualanController.js","statementMap":{"0":{"start":{"line":1,"column":62},"end":{"line":1,"column":82}},"1":{"start":{"line":5,"column":33},"end":{"line":5,"column":41}},"2":{"start":{"line":6,"column":22},"end":{"line":6,"column":32}},"3":{"start":{"line":7,"column":19},"end":{"line":7,"column":30}},"4":{"start":{"line":8,"column":23},"end":{"line":8,"column":34}},"5":{"start":{"line":10,"column":14},"end":{"line":10,"column":43}},"6":{"start":{"line":11,"column":4},"end":{"line":113,"column":5}},"7":{"start":{"line":12,"column":27},"end":{"line":12,"column":60}},"8":{"start":{"line":14,"column":6},"end":{"line":109,"column":7}},"9":{"start":{"line":15,"column":28},"end":{"line":15,"column":49}},"10":{"start":{"line":16,"column":28},"end":{"line":16,"column":62}},"11":{"start":{"line":19,"column":8},"end":{"line":26,"column":9}},"12":{"start":{"line":21,"column":10},"end":{"line":25,"column":9}},"13":{"start":{"line":29,"column":8},"end":{"line":37,"column":10}},"14":{"start":{"line":40,"column":8},"end":{"line":52,"column":9}},"15":{"start":{"line":41,"column":30},"end":{"line":49,"column":12}},"16":{"start":{"line":51,"column":10},"end":{"line":51,"column":37}},"17":{"start":{"line":55,"column":28},"end":{"line":66,"column":10}},"18":{"start":{"line":69,"column":23},"end":{"line":95,"column":7}},"19":{"start":{"line":97,"column":21},"end":{"line":97,"column":70}},"20":{"start":{"line":99,"column":6},"end":{"line":99,"column":23}},"21":{"start":{"line":100,"column":6},"end":{"line":100,"column":34}},"22":{"start":{"line":104,"column":8},"end":{"line":108,"column":7}},"23":{"start":{"line":111,"column":6},"end":{"line":111,"column":24}},"24":{"start":{"line":112,"column":6},"end":{"line":112,"column":17}},"25":{"start":{"line":117,"column":33},"end":{"line":117,"column":41}},"26":{"start":{"line":118,"column":22},"end":{"line":118,"column":32}},"27":{"start":{"line":119,"column":19},"end":{"line":119,"column":30}},"28":{"start":{"line":120,"column":23},"end":{"line":120,"column":34}},"29":{"start":{"line":122,"column":14},"end":{"line":122,"column":43}},"30":{"start":{"line":123,"column":4},"end":{"line":224,"column":5}},"31":{"start":{"line":124,"column":27},"end":{"line":124,"column":60}},"32":{"start":{"line":126,"column":6},"end":{"line":220,"column":7}},"33":{"start":{"line":127,"column":28},"end":{"line":127,"column":49}},"34":{"start":{"line":128,"column":28},"end":{"line":128,"column":62}},"35":{"start":{"line":131,"column":8},"end":{"line":138,"column":9}},"36":{"start":{"line":133,"column":10},"end":{"line":137,"column":9}},"37":{"start":{"line":141,"column":8},"end":{"line":149,"column":10}},"38":{"start":{"line":152,"column":8},"end":{"line":164,"column":9}},"39":{"start":{"line":153,"column":30},"end":{"line":161,"column":12}},"40":{"start":{"line":163,"column":10},"end":{"line":163,"column":37}},"41":{"start":{"line":167,"column":28},"end":{"line":178,"column":10}},"42":{"start":{"line":181,"column":23},"end":{"line":207,"column":9}},"43":{"start":{"line":209,"column":23},"end":{"line":209,"column":72}},"44":{"start":{"line":211,"column":8},"end":{"line":211,"column":25}},"45":{"start":{"line":212,"column":8},"end":{"line":212,"column":36}},"46":{"start":{"line":215,"column":8},"end":{"line":219,"column":9}},"47":{"start":{"line":222,"column":6},"end":{"line":222,"column":24}},"48":{"start":{"line":223,"column":6},"end":{"line":223,"column":17}},"49":{"start":{"line":228,"column":0},"end":{"line":228,"column":36}}},"fnMap":{"0":{"name":"(anonymous_0)","decl":{"start":{"line":4,"column":2},"end":{"line":4,"column":3}},"loc":{"start":{"line":4,"column":44},"end":{"line":114,"column":3}},"line":4},"1":{"name":"(anonymous_1)","decl":{"start":{"line":116,"column":2},"end":{"line":116,"column":3}},"loc":{"start":{"line":116,"column":47},"end":{"line":225,"column":3}},"line":116}},"branchMap":{"0":{"loc":{"start":{"line":14,"column":6},"end":{"line":109,"column":7}},"type":"if","locations":[{"start":{"line":14,"column":6},"end":{"line":109,"column":7}},{"start":{"line":14,"column":6},"end":{"line":109,"column":7}}],"line":14},"1":{"loc":{"start":{"line":19,"column":8},"end":{"line":26,"column":9}},"type":"if","locations":[{"start":{"line":19,"column":8},"end":{"line":26,"column":9}},{"start":{"line":19,"column":8},"end":{"line":26,"column":9}}],"line":19},"2":{"loc":{"start":{"line":40,"column":8},"end":{"line":52,"column":9}},"type":"if","locations":[{"start":{"line":40,"column":8},"end":{"line":52,"column":9}},{"start":{"line":40,"column":8},"end":{"line":52,"column":9}}],"line":40},"3":{"loc":{"start":{"line":126,"column":6},"end":{"line":220,"column":7}},"type":"if","locations":[{"start":{"line":126,"column":6},"end":{"line":220,"column":7}},{"start":{"line":126,"column":6},"end":{"line":220,"column":7}}],"line":126},"4":{"loc":{"start":{"line":131,"column":8},"end":{"line":138,"column":9}},"type":"if","locations":[{"start":{"line":131,"column":8},"end":{"line":138,"column":9}},{"start":{"line":131,"column":8},"end":{"line":138,"column":9}}],"line":131},"5":{"loc":{"start":{"line":152,"column":8},"end":{"line":164,"column":9}},"type":"if","locations":[{"start":{"line":152,"column":8},"end":{"line":164,"column":9}},{"start":{"line":152,"column":8},"end":{"line":164,"column":9}}],"line":152}},"s":{"0":1,"1":0,"2":0,"3":0,"4":0,"5":0,"6":0,"7":0,"8":0,"9":0,"10":0,"11":0,"12":0,"13":0,"14":0,"15":0,"16":0,"17":0,"18":0,"19":0,"20":0,"21":0,"22":0,"23":0,"24":0,"25":0,"26":0,"27":0,"28":0,"29":0,"30":0,"31":0,"32":0,"33":0,"34":0,"35":0,"36":0,"37":0,"38":0,"39":0,"40":0,"41":0,"42":0,"43":0,"44":0,"45":0,"46":0,"47":0,"48":0,"49":1},"f":{"0":0,"1":0},"b":{"0":[0,0],"1":[0,0],"2":[0,0],"3":[0,0],"4":[0,0],"5":[0,0]},"_coverageSchema":"1a1c01bbd47fc00a2c39e90264f33305004495a9","hash":"f176f2169b51d77e27e3e69bf3b3e4aa9b4eef8b"}
,"/home/imammiko/Desktop/bootcamp/p3/final Project/Final-Project-Team5/server/controllers/productController.js": {"path":"/home/imammiko/Desktop/bootcamp/p3/final Project/Final-Project-Team5/server/controllers/productController.js","statementMap":{"0":{"start":{"line":1,"column":20},"end":{"line":1,"column":40}},"1":{"start":{"line":5,"column":19},"end":{"line":5,"column":30}},"2":{"start":{"line":6,"column":4},"end":{"line":12,"column":5}},"3":{"start":{"line":7,"column":21},"end":{"line":9,"column":8}},"4":{"start":{"line":11,"column":6},"end":{"line":11,"column":12}},"5":{"start":{"line":16,"column":0},"end":{"line":16,"column":34}}},"fnMap":{"0":{"name":"(anonymous_0)","decl":{"start":{"line":4,"column":2},"end":{"line":4,"column":3}},"loc":{"start":{"line":4,"column":44},"end":{"line":13,"column":3}},"line":4}},"branchMap":{},"s":{"0":1,"1":0,"2":0,"3":0,"4":0,"5":1},"f":{"0":0},"b":{},"_coverageSchema":"1a1c01bbd47fc00a2c39e90264f33305004495a9","hash":"2aa882c8b722ff7f606dc6f375e54c30e37d7026"}
,"/home/imammiko/Desktop/bootcamp/p3/final Project/Final-Project-Team5/server/controllers/userController.js": {"path":"/home/imammiko/Desktop/bootcamp/p3/final Project/Final-Project-Team5/server/controllers/userController.js","statementMap":{"0":{"start":{"line":1,"column":28},"end":{"line":1,"column":48}},"1":{"start":{"line":2,"column":17},"end":{"line":2,"column":42}},"2":{"start":{"line":3,"column":28},"end":{"line":3,"column":56}},"3":{"start":{"line":7,"column":33},"end":{"line":7,"column":41}},"4":{"start":{"line":9,"column":2},"end":{"line":34,"column":3}},"5":{"start":{"line":10,"column":19},"end":{"line":10,"column":62}},"6":{"start":{"line":12,"column":3},"end":{"line":30,"column":4}},"7":{"start":{"line":13,"column":18},"end":{"line":13,"column":69}},"8":{"start":{"line":14,"column":4},"end":{"line":27,"column":5}},"9":{"start":{"line":15,"column":5},"end":{"line":15,"column":37}},"10":{"start":{"line":17,"column":26},"end":{"line":21,"column":7}},"11":{"start":{"line":22,"column":5},"end":{"line":26,"column":8}},"12":{"start":{"line":29,"column":4},"end":{"line":29,"column":36}},"13":{"start":{"line":32,"column":3},"end":{"line":32,"column":20}},"14":{"start":{"line":33,"column":3},"end":{"line":33,"column":13}},"15":{"start":{"line":45,"column":6},"end":{"line":45,"column":14}},"16":{"start":{"line":46,"column":12},"end":{"line":46,"column":41}},"17":{"start":{"line":47,"column":2},"end":{"line":65,"column":3}},"18":{"start":{"line":48,"column":3},"end":{"line":56,"column":6}},"19":{"start":{"line":57,"column":3},"end":{"line":57,"column":20}},"20":{"start":{"line":58,"column":3},"end":{"line":60,"column":65}},"21":{"start":{"line":62,"column":3},"end":{"line":62,"column":22}},"22":{"start":{"line":63,"column":3},"end":{"line":63,"column":20}},"23":{"start":{"line":64,"column":3},"end":{"line":64,"column":13}},"24":{"start":{"line":69,"column":0},"end":{"line":69,"column":32}}},"fnMap":{"0":{"name":"(anonymous_0)","decl":{"start":{"line":6,"column":1},"end":{"line":6,"column":2}},"loc":{"start":{"line":6,"column":36},"end":{"line":35,"column":2}},"line":6},"1":{"name":"(anonymous_1)","decl":{"start":{"line":36,"column":1},"end":{"line":36,"column":2}},"loc":{"start":{"line":36,"column":39},"end":{"line":66,"column":2}},"line":36}},"branchMap":{"0":{"loc":{"start":{"line":12,"column":3},"end":{"line":30,"column":4}},"type":"if","locations":[{"start":{"line":12,"column":3},"end":{"line":30,"column":4}},{"start":{"line":12,"column":3},"end":{"line":30,"column":4}}],"line":12},"1":{"loc":{"start":{"line":14,"column":4},"end":{"line":27,"column":5}},"type":"if","locations":[{"start":{"line":14,"column":4},"end":{"line":27,"column":5}},{"start":{"line":14,"column":4},"end":{"line":27,"column":5}}],"line":14}},"s":{"0":1,"1":1,"2":1,"3":4,"4":4,"5":4,"6":4,"7":2,"8":2,"9":1,"10":1,"11":1,"12":2,"13":3,"14":3,"15":4,"16":4,"17":4,"18":4,"19":1,"20":1,"21":3,"22":3,"23":3,"24":1},"f":{"0":4,"1":4},"b":{"0":[2,2],"1":[1,1]},"_coverageSchema":"1a1c01bbd47fc00a2c39e90264f33305004495a9","hash":"ff857bfc65d66a01ce7fc3a51228b67bb2afc25a"}
,"/home/imammiko/Desktop/bootcamp/p3/final Project/Final-Project-Team5/server/helpers/bcrypt.js": {"path":"/home/imammiko/Desktop/bootcamp/p3/final Project/Final-Project-Team5/server/helpers/bcrypt.js","statementMap":{"0":{"start":{"line":1,"column":15},"end":{"line":1,"column":34}},"1":{"start":{"line":2,"column":13},"end":{"line":2,"column":35}},"2":{"start":{"line":5,"column":2},"end":{"line":5,"column":41}},"3":{"start":{"line":8,"column":2},"end":{"line":8,"column":54}},"4":{"start":{"line":11,"column":0},"end":{"line":14,"column":2}}},"fnMap":{"0":{"name":"encodePassword","decl":{"start":{"line":4,"column":9},"end":{"line":4,"column":23}},"loc":{"start":{"line":4,"column":34},"end":{"line":6,"column":1}},"line":4},"1":{"name":"comparePassword","decl":{"start":{"line":7,"column":9},"end":{"line":7,"column":24}},"loc":{"start":{"line":7,"column":51},"end":{"line":9,"column":1}},"line":7}},"branchMap":{},"s":{"0":1,"1":1,"2":3,"3":2,"4":1},"f":{"0":3,"1":2},"b":{},"_coverageSchema":"1a1c01bbd47fc00a2c39e90264f33305004495a9","hash":"0b04e2a63d378e4f0b2e0d14ec01d567b3e034ed"}
,"/home/imammiko/Desktop/bootcamp/p3/final Project/Final-Project-Team5/server/helpers/jwt.js": {"path":"/home/imammiko/Desktop/bootcamp/p3/final Project/Final-Project-Team5/server/helpers/jwt.js","statementMap":{"0":{"start":{"line":1,"column":12},"end":{"line":1,"column":35}},"1":{"start":{"line":2,"column":15},"end":{"line":2,"column":43}},"2":{"start":{"line":5,"column":1},"end":{"line":5,"column":34}},"3":{"start":{"line":8,"column":1},"end":{"line":8,"column":34}},"4":{"start":{"line":11,"column":0},"end":{"line":11,"column":34}}},"fnMap":{"0":{"name":"sign","decl":{"start":{"line":4,"column":9},"end":{"line":4,"column":13}},"loc":{"start":{"line":4,"column":23},"end":{"line":6,"column":1}},"line":4},"1":{"name":"verify","decl":{"start":{"line":7,"column":9},"end":{"line":7,"column":15}},"loc":{"start":{"line":7,"column":23},"end":{"line":9,"column":1}},"line":7}},"branchMap":{"0":{"loc":{"start":{"line":2,"column":15},"end":{"line":2,"column":43}},"type":"binary-expr","locations":[{"start":{"line":2,"column":15},"end":{"line":2,"column":33}},{"start":{"line":2,"column":37},"end":{"line":2,"column":43}}],"line":2}},"s":{"0":1,"1":1,"2":1,"3":0,"4":1},"f":{"0":1,"1":0},"b":{"0":[1,0]},"_coverageSchema":"1a1c01bbd47fc00a2c39e90264f33305004495a9","hash":"abcd9867c56ec330f127921f048ce349d33702cd"}
,"/home/imammiko/Desktop/bootcamp/p3/final Project/Final-Project-Team5/server/middlewares/errorHandler.js": {"path":"/home/imammiko/Desktop/bootcamp/p3/final Project/Final-Project-Team5/server/middlewares/errorHandler.js","statementMap":{"0":{"start":{"line":1,"column":21},"end":{"line":25,"column":1}},"1":{"start":{"line":2,"column":13},"end":{"line":2,"column":16}},"2":{"start":{"line":3,"column":12},"end":{"line":3,"column":35}},"3":{"start":{"line":4,"column":2},"end":{"line":24,"column":3}},"4":{"start":{"line":9,"column":4},"end":{"line":9,"column":15}},"5":{"start":{"line":10,"column":4},"end":{"line":10,"column":16}},"6":{"start":{"line":12,"column":4},"end":{"line":14,"column":7}},"7":{"start":{"line":13,"column":6},"end":{"line":13,"column":29}},"8":{"start":{"line":15,"column":4},"end":{"line":15,"column":34}},"9":{"start":{"line":16,"column":9},"end":{"line":24,"column":3}},"10":{"start":{"line":17,"column":4},"end":{"line":17,"column":15}},"11":{"start":{"line":18,"column":4},"end":{"line":21,"column":7}},"12":{"start":{"line":23,"column":4},"end":{"line":23,"column":53}},"13":{"start":{"line":27,"column":0},"end":{"line":27,"column":30}}},"fnMap":{"0":{"name":"(anonymous_0)","decl":{"start":{"line":1,"column":21},"end":{"line":1,"column":22}},"loc":{"start":{"line":1,"column":46},"end":{"line":25,"column":1}},"line":1},"1":{"name":"(anonymous_1)","decl":{"start":{"line":12,"column":23},"end":{"line":12,"column":24}},"loc":{"start":{"line":12,"column":30},"end":{"line":14,"column":5}},"line":12}},"branchMap":{"0":{"loc":{"start":{"line":4,"column":2},"end":{"line":24,"column":3}},"type":"if","locations":[{"start":{"line":4,"column":2},"end":{"line":24,"column":3}},{"start":{"line":4,"column":2},"end":{"line":24,"column":3}}],"line":4},"1":{"loc":{"start":{"line":5,"column":4},"end":{"line":7,"column":41}},"type":"binary-expr","locations":[{"start":{"line":5,"column":4},"end":{"line":5,"column":43}},{"start":{"line":6,"column":4},"end":{"line":6,"column":49}},{"start":{"line":7,"column":4},"end":{"line":7,"column":41}}],"line":5},"2":{"loc":{"start":{"line":16,"column":9},"end":{"line":24,"column":3}},"type":"if","locations":[{"start":{"line":16,"column":9},"end":{"line":24,"column":3}},{"start":{"line":16,"column":9},"end":{"line":24,"column":3}}],"line":16}},"s":{"0":1,"1":6,"2":6,"3":6,"4":3,"5":3,"6":3,"7":10,"8":3,"9":3,"10":0,"11":0,"12":3,"13":1},"f":{"0":6,"1":10},"b":{"0":[3,3],"1":[6,4,3],"2":[0,3]},"_coverageSchema":"1a1c01bbd47fc00a2c39e90264f33305004495a9","hash":"8db6ae328f4704eeb234483553919a596492564f"}
,"/home/imammiko/Desktop/bootcamp/p3/final Project/Final-Project-Team5/server/models/account.js": {"path":"/home/imammiko/Desktop/bootcamp/p3/final Project/Final-Project-Team5/server/models/account.js","statementMap":{"0":{"start":{"line":4,"column":4},"end":{"line":4,"column":24}},"1":{"start":{"line":5,"column":0},"end":{"line":41,"column":2}},"2":{"start":{"line":14,"column":6},"end":{"line":14,"column":40}},"3":{"start":{"line":17,"column":2},"end":{"line":39,"column":5}},"4":{"start":{"line":40,"column":2},"end":{"line":40,"column":17}}},"fnMap":{"0":{"name":"(anonymous_0)","decl":{"start":{"line":5,"column":17},"end":{"line":5,"column":18}},"loc":{"start":{"line":5,"column":43},"end":{"line":41,"column":1}},"line":5},"1":{"name":"(anonymous_1)","decl":{"start":{"line":12,"column":4},"end":{"line":12,"column":5}},"loc":{"start":{"line":12,"column":29},"end":{"line":15,"column":5}},"line":12}},"branchMap":{},"s":{"0":1,"1":1,"2":1,"3":1,"4":1},"f":{"0":1,"1":1},"b":{},"_coverageSchema":"1a1c01bbd47fc00a2c39e90264f33305004495a9","hash":"427bc644efd4f46174f80e990766333460797d37"}
,"/home/imammiko/Desktop/bootcamp/p3/final Project/Final-Project-Team5/server/models/category.js": {"path":"/home/imammiko/Desktop/bootcamp/p3/final Project/Final-Project-Team5/server/models/category.js","statementMap":{"0":{"start":{"line":4,"column":4},"end":{"line":4,"column":24}},"1":{"start":{"line":5,"column":0},"end":{"line":31,"column":2}},"2":{"start":{"line":16,"column":2},"end":{"line":29,"column":5}},"3":{"start":{"line":30,"column":2},"end":{"line":30,"column":18}}},"fnMap":{"0":{"name":"(anonymous_0)","decl":{"start":{"line":5,"column":17},"end":{"line":5,"column":18}},"loc":{"start":{"line":5,"column":43},"end":{"line":31,"column":1}},"line":5},"1":{"name":"(anonymous_1)","decl":{"start":{"line":12,"column":4},"end":{"line":12,"column":5}},"loc":{"start":{"line":12,"column":29},"end":{"line":14,"column":5}},"line":12}},"branchMap":{},"s":{"0":1,"1":1,"2":1,"3":1},"f":{"0":1,"1":1},"b":{},"_coverageSchema":"1a1c01bbd47fc00a2c39e90264f33305004495a9","hash":"4c795f920c540746e86554d006e49d1d674291dd"}
,"/home/imammiko/Desktop/bootcamp/p3/final Project/Final-Project-Team5/server/models/customer.js": {"path":"/home/imammiko/Desktop/bootcamp/p3/final Project/Final-Project-Team5/server/models/customer.js","statementMap":{"0":{"start":{"line":4,"column":4},"end":{"line":4,"column":24}},"1":{"start":{"line":5,"column":0},"end":{"line":59,"column":2}},"2":{"start":{"line":14,"column":6},"end":{"line":14,"column":37}},"3":{"start":{"line":17,"column":2},"end":{"line":57,"column":5}},"4":{"start":{"line":58,"column":2},"end":{"line":58,"column":18}}},"fnMap":{"0":{"name":"(anonymous_0)","decl":{"start":{"line":5,"column":17},"end":{"line":5,"column":18}},"loc":{"start":{"line":5,"column":43},"end":{"line":59,"column":1}},"line":5},"1":{"name":"(anonymous_1)","decl":{"start":{"line":12,"column":4},"end":{"line":12,"column":5}},"loc":{"start":{"line":12,"column":29},"end":{"line":15,"column":5}},"line":12}},"branchMap":{},"s":{"0":1,"1":1,"2":1,"3":1,"4":1},"f":{"0":1,"1":1},"b":{},"_coverageSchema":"1a1c01bbd47fc00a2c39e90264f33305004495a9","hash":"6bb1fd607942dfddbbfeebb666868f995b9a72e1"}
,"/home/imammiko/Desktop/bootcamp/p3/final Project/Final-Project-Team5/server/models/index.js": {"path":"/home/imammiko/Desktop/bootcamp/p3/final Project/Final-Project-Team5/server/models/index.js","statementMap":{"0":{"start":{"line":3,"column":11},"end":{"line":3,"column":24}},"1":{"start":{"line":4,"column":13},"end":{"line":4,"column":28}},"2":{"start":{"line":5,"column":18},"end":{"line":5,"column":38}},"3":{"start":{"line":6,"column":17},"end":{"line":6,"column":42}},"4":{"start":{"line":7,"column":12},"end":{"line":7,"column":49}},"5":{"start":{"line":8,"column":15},"end":{"line":8,"column":65}},"6":{"start":{"line":9,"column":11},"end":{"line":9,"column":13}},"7":{"start":{"line":12,"column":0},"end":{"line":16,"column":1}},"8":{"start":{"line":13,"column":2},"end":{"line":13,"column":74}},"9":{"start":{"line":15,"column":2},"end":{"line":15,"column":87}},"10":{"start":{"line":18,"column":0},"end":{"line":26,"column":5}},"11":{"start":{"line":21,"column":4},"end":{"line":21,"column":90}},"12":{"start":{"line":24,"column":18},"end":{"line":24,"column":85}},"13":{"start":{"line":25,"column":4},"end":{"line":25,"column":27}},"14":{"start":{"line":28,"column":0},"end":{"line":32,"column":3}},"15":{"start":{"line":29,"column":2},"end":{"line":31,"column":3}},"16":{"start":{"line":30,"column":4},"end":{"line":30,"column":32}},"17":{"start":{"line":34,"column":0},"end":{"line":34,"column":25}},"18":{"start":{"line":35,"column":0},"end":{"line":35,"column":25}},"19":{"start":{"line":37,"column":0},"end":{"line":37,"column":20}}},"fnMap":{"0":{"name":"(anonymous_0)","decl":{"start":{"line":20,"column":10},"end":{"line":20,"column":11}},"loc":{"start":{"line":20,"column":18},"end":{"line":22,"column":3}},"line":20},"1":{"name":"(anonymous_1)","decl":{"start":{"line":23,"column":11},"end":{"line":23,"column":12}},"loc":{"start":{"line":23,"column":19},"end":{"line":26,"column":3}},"line":23},"2":{"name":"(anonymous_2)","decl":{"start":{"line":28,"column":24},"end":{"line":28,"column":25}},"loc":{"start":{"line":28,"column":37},"end":{"line":32,"column":1}},"line":28}},"branchMap":{"0":{"loc":{"start":{"line":7,"column":12},"end":{"line":7,"column":49}},"type":"binary-expr","locations":[{"start":{"line":7,"column":12},"end":{"line":7,"column":32}},{"start":{"line":7,"column":36},"end":{"line":7,"column":49}}],"line":7},"1":{"loc":{"start":{"line":12,"column":0},"end":{"line":16,"column":1}},"type":"if","locations":[{"start":{"line":12,"column":0},"end":{"line":16,"column":1}},{"start":{"line":12,"column":0},"end":{"line":16,"column":1}}],"line":12},"2":{"loc":{"start":{"line":21,"column":11},"end":{"line":21,"column":89}},"type":"binary-expr","locations":[{"start":{"line":21,"column":12},"end":{"line":21,"column":35}},{"start":{"line":21,"column":41},"end":{"line":21,"column":58}},{"start":{"line":21,"column":64},"end":{"line":21,"column":88}}],"line":21},"3":{"loc":{"start":{"line":29,"column":2},"end":{"line":31,"column":3}},"type":"if","locations":[{"start":{"line":29,"column":2},"end":{"line":31,"column":3}},{"start":{"line":29,"column":2},"end":{"line":31,"column":3}}],"line":29}},"s":{"0":1,"1":1,"2":1,"3":1,"4":1,"5":1,"6":1,"7":1,"8":0,"9":1,"10":1,"11":8,"12":7,"13":7,"14":1,"15":7,"16":7,"17":1,"18":1,"19":1},"f":{"0":8,"1":7,"2":7},"b":{"0":[1,0],"1":[0,1],"2":[8,8,7],"3":[7,0]},"_coverageSchema":"1a1c01bbd47fc00a2c39e90264f33305004495a9","hash":"e42450465c2ec257586b71cd9a5a664d8e189237"}
,"/home/imammiko/Desktop/bootcamp/p3/final Project/Final-Project-Team5/server/models/ledger.js": {"path":"/home/imammiko/Desktop/bootcamp/p3/final Project/Final-Project-Team5/server/models/ledger.js","statementMap":{"0":{"start":{"line":4,"column":4},"end":{"line":4,"column":24}},"1":{"start":{"line":5,"column":0},"end":{"line":69,"column":2}},"2":{"start":{"line":14,"column":6},"end":{"line":14,"column":35}},"3":{"start":{"line":17,"column":2},"end":{"line":67,"column":5}},"4":{"start":{"line":68,"column":2},"end":{"line":68,"column":16}}},"fnMap":{"0":{"name":"(anonymous_0)","decl":{"start":{"line":5,"column":17},"end":{"line":5,"column":18}},"loc":{"start":{"line":5,"column":43},"end":{"line":69,"column":1}},"line":5},"1":{"name":"(anonymous_1)","decl":{"start":{"line":12,"column":4},"end":{"line":12,"column":5}},"loc":{"start":{"line":12,"column":29},"end":{"line":15,"column":5}},"line":12}},"branchMap":{},"s":{"0":1,"1":1,"2":1,"3":1,"4":1},"f":{"0":1,"1":1},"b":{},"_coverageSchema":"1a1c01bbd47fc00a2c39e90264f33305004495a9","hash":"112f6e0bd4e1920f9dcce27dbbba1de51e4ba00b"}
,"/home/imammiko/Desktop/bootcamp/p3/final Project/Final-Project-Team5/server/models/product.js": {"path":"/home/imammiko/Desktop/bootcamp/p3/final Project/Final-Project-Team5/server/models/product.js","statementMap":{"0":{"start":{"line":4,"column":4},"end":{"line":4,"column":24}},"1":{"start":{"line":5,"column":0},"end":{"line":77,"column":2}},"2":{"start":{"line":14,"column":6},"end":{"line":14,"column":36}},"3":{"start":{"line":17,"column":2},"end":{"line":75,"column":5}},"4":{"start":{"line":76,"column":2},"end":{"line":76,"column":17}}},"fnMap":{"0":{"name":"(anonymous_0)","decl":{"start":{"line":5,"column":17},"end":{"line":5,"column":18}},"loc":{"start":{"line":5,"column":43},"end":{"line":77,"column":1}},"line":5},"1":{"name":"(anonymous_1)","decl":{"start":{"line":12,"column":4},"end":{"line":12,"column":5}},"loc":{"start":{"line":12,"column":29},"end":{"line":15,"column":5}},"line":12}},"branchMap":{},"s":{"0":1,"1":1,"2":1,"3":1,"4":1},"f":{"0":1,"1":1},"b":{},"_coverageSchema":"1a1c01bbd47fc00a2c39e90264f33305004495a9","hash":"f81b0d8a9f520b53e8f5bd23f62d31d61e3d9663"}
,"/home/imammiko/Desktop/bootcamp/p3/final Project/Final-Project-Team5/server/models/transaction.js": {"path":"/home/imammiko/Desktop/bootcamp/p3/final Project/Final-Project-Team5/server/models/transaction.js","statementMap":{"0":{"start":{"line":2,"column":18},"end":{"line":2,"column":38}},"1":{"start":{"line":3,"column":0},"end":{"line":88,"column":2}},"2":{"start":{"line":12,"column":3},"end":{"line":12,"column":38}},"3":{"start":{"line":13,"column":3},"end":{"line":13,"column":41}},"4":{"start":{"line":16,"column":1},"end":{"line":86,"column":3}},"5":{"start":{"line":87,"column":1},"end":{"line":87,"column":20}}},"fnMap":{"0":{"name":"(anonymous_0)","decl":{"start":{"line":3,"column":17},"end":{"line":3,"column":18}},"loc":{"start":{"line":3,"column":43},"end":{"line":88,"column":1}},"line":3},"1":{"name":"(anonymous_1)","decl":{"start":{"line":10,"column":2},"end":{"line":10,"column":3}},"loc":{"start":{"line":10,"column":27},"end":{"line":14,"column":3}},"line":10}},"branchMap":{},"s":{"0":1,"1":1,"2":1,"3":1,"4":1,"5":1},"f":{"0":1,"1":1},"b":{},"_coverageSchema":"1a1c01bbd47fc00a2c39e90264f33305004495a9","hash":"4d12d04e478a14ccafcbac38b62726fe82455725"}
,"/home/imammiko/Desktop/bootcamp/p3/final Project/Final-Project-Team5/server/models/user.js": {"path":"/home/imammiko/Desktop/bootcamp/p3/final Project/Final-Project-Team5/server/models/user.js","statementMap":{"0":{"start":{"line":3,"column":27},"end":{"line":3,"column":55}},"1":{"start":{"line":4,"column":18},"end":{"line":4,"column":38}},"2":{"start":{"line":6,"column":0},"end":{"line":100,"column":2}},"3":{"start":{"line":17,"column":2},"end":{"line":92,"column":4}},"4":{"start":{"line":93,"column":2},"end":{"line":98,"column":5}},"5":{"start":{"line":94,"column":4},"end":{"line":94,"column":58}},"6":{"start":{"line":95,"column":4},"end":{"line":97,"column":5}},"7":{"start":{"line":96,"column":6},"end":{"line":96,"column":30}},"8":{"start":{"line":99,"column":2},"end":{"line":99,"column":14}}},"fnMap":{"0":{"name":"(anonymous_0)","decl":{"start":{"line":6,"column":17},"end":{"line":6,"column":18}},"loc":{"start":{"line":6,"column":43},"end":{"line":100,"column":1}},"line":6},"1":{"name":"(anonymous_1)","decl":{"start":{"line":13,"column":4},"end":{"line":13,"column":5}},"loc":{"start":{"line":13,"column":29},"end":{"line":15,"column":5}},"line":13},"2":{"name":"(anonymous_2)","decl":{"start":{"line":93,"column":20},"end":{"line":93,"column":21}},"loc":{"start":{"line":93,"column":43},"end":{"line":98,"column":3}},"line":93}},"branchMap":{"0":{"loc":{"start":{"line":95,"column":4},"end":{"line":97,"column":5}},"type":"if","locations":[{"start":{"line":95,"column":4},"end":{"line":97,"column":5}},{"start":{"line":95,"column":4},"end":{"line":97,"column":5}}],"line":95}},"s":{"0":1,"1":1,"2":1,"3":1,"4":1,"5":3,"6":3,"7":3,"8":1},"f":{"0":1,"1":1,"2":3},"b":{"0":[3,0]},"_coverageSchema":"1a1c01bbd47fc00a2c39e90264f33305004495a9","hash":"48838bc5ee613960c6655893e80386a400954f9f"}
,"/home/imammiko/Desktop/bootcamp/p3/final Project/Final-Project-Team5/server/routes/index.js": {"path":"/home/imammiko/Desktop/bootcamp/p3/final Project/Final-Project-Team5/server/routes/index.js","statementMap":{"0":{"start":{"line":1,"column":16},"end":{"line":1,"column":34}},"1":{"start":{"line":2,"column":21},"end":{"line":2,"column":59}},"2":{"start":{"line":3,"column":24},"end":{"line":3,"column":46}},"3":{"start":{"line":4,"column":22},"end":{"line":4,"column":42}},"4":{"start":{"line":5,"column":19},"end":{"line":5,"column":35}},"5":{"start":{"line":6,"column":13},"end":{"line":6,"column":30}},"6":{"start":{"line":8,"column":0},"end":{"line":8,"column":31}},"7":{"start":{"line":9,"column":0},"end":{"line":9,"column":46}},"8":{"start":{"line":10,"column":0},"end":{"line":10,"column":42}},"9":{"start":{"line":12,"column":0},"end":{"line":12,"column":29}},"10":{"start":{"line":14,"column":0},"end":{"line":14,"column":28}}},"fnMap":{},"branchMap":{},"s":{"0":1,"1":1,"2":1,"3":1,"4":1,"5":1,"6":1,"7":1,"8":1,"9":1,"10":1},"f":{},"b":{},"_coverageSchema":"1a1c01bbd47fc00a2c39e90264f33305004495a9","hash":"4d089967ad76dd77e391d139b314c779aadd4c33"}
,"/home/imammiko/Desktop/bootcamp/p3/final Project/Final-Project-Team5/server/routes/penjualan.js": {"path":"/home/imammiko/Desktop/bootcamp/p3/final Project/Final-Project-Team5/server/routes/penjualan.js","statementMap":{"0":{"start":{"line":1,"column":16},"end":{"line":1,"column":34}},"1":{"start":{"line":2,"column":28},"end":{"line":2,"column":73}},"2":{"start":{"line":3,"column":24},"end":{"line":3,"column":40}},"3":{"start":{"line":5,"column":0},"end":{"line":5,"column":64}},"4":{"start":{"line":6,"column":0},"end":{"line":6,"column":70}},"5":{"start":{"line":8,"column":0},"end":{"line":8,"column":33}}},"fnMap":{},"branchMap":{},"s":{"0":1,"1":1,"2":1,"3":1,"4":1,"5":1},"f":{},"b":{},"_coverageSchema":"1a1c01bbd47fc00a2c39e90264f33305004495a9","hash":"3d0a024c8100e53479607abe7b7cbb951a6b1ce7"}
,"/home/imammiko/Desktop/bootcamp/p3/final Project/Final-Project-Team5/server/routes/product.js": {"path":"/home/imammiko/Desktop/bootcamp/p3/final Project/Final-Project-Team5/server/routes/product.js","statementMap":{"0":{"start":{"line":1,"column":16},"end":{"line":1,"column":34}},"1":{"start":{"line":2,"column":26},"end":{"line":2,"column":69}},"2":{"start":{"line":3,"column":22},"end":{"line":3,"column":38}},"3":{"start":{"line":5,"column":0},"end":{"line":5,"column":58}},"4":{"start":{"line":7,"column":0},"end":{"line":7,"column":30}}},"fnMap":{},"branchMap":{},"s":{"0":1,"1":1,"2":1,"3":1,"4":1},"f":{},"b":{},"_coverageSchema":"1a1c01bbd47fc00a2c39e90264f33305004495a9","hash":"82cdf36040ebd792f9ff366cc796fe511aa4094f"}
,"/home/imammiko/Desktop/bootcamp/p3/final Project/Final-Project-Team5/server/routes/user.js": {"path":"/home/imammiko/Desktop/bootcamp/p3/final Project/Final-Project-Team5/server/routes/user.js","statementMap":{"0":{"start":{"line":1,"column":16},"end":{"line":1,"column":34}},"1":{"start":{"line":2,"column":19},"end":{"line":2,"column":35}},"2":{"start":{"line":3,"column":19},"end":{"line":3,"column":59}},"3":{"start":{"line":5,"column":0},"end":{"line":5,"column":44}},"4":{"start":{"line":6,"column":0},"end":{"line":6,"column":50}},"5":{"start":{"line":8,"column":0},"end":{"line":8,"column":28}}},"fnMap":{},"branchMap":{},"s":{"0":1,"1":1,"2":1,"3":1,"4":1,"5":1},"f":{},"b":{},"_coverageSchema":"1a1c01bbd47fc00a2c39e90264f33305004495a9","hash":"e1e571abc95b2820cb3e2d41c08d6a4f1223e0bd"}
}
