{"C:\\Users\\1\\Hacktiv8\\FinalProject\\Final-Project-Team5\\server\\app.js": {"path":"C:\\Users\\1\\Hacktiv8\\FinalProject\\Final-Project-Team5\\server\\app.js","statementMap":{"0":{"start":{"line":1,"column":0},"end":{"line":1,"column":27}},"1":{"start":{"line":2,"column":16},"end":{"line":2,"column":34}},"2":{"start":{"line":3,"column":12},"end":{"line":3,"column":21}},"3":{"start":{"line":4,"column":15},"end":{"line":4,"column":43}},"4":{"start":{"line":5,"column":13},"end":{"line":5,"column":28}},"5":{"start":{"line":7,"column":0},"end":{"line":7,"column":16}},"6":{"start":{"line":8,"column":0},"end":{"line":8,"column":24}},"7":{"start":{"line":9,"column":0},"end":{"line":9,"column":49}},"8":{"start":{"line":10,"column":0},"end":{"line":10,"column":16}},"9":{"start":{"line":12,"column":0},"end":{"line":12,"column":21}}},"fnMap":{},"branchMap":{},"s":{"0":1,"1":1,"2":1,"3":1,"4":1,"5":1,"6":1,"7":1,"8":1,"9":1},"f":{},"b":{},"_coverageSchema":"1a1c01bbd47fc00a2c39e90264f33305004495a9","hash":"01ad0cb50f3d838e74a974aa5f0bf905fe6f046b"}
,"C:\\Users\\1\\Hacktiv8\\FinalProject\\Final-Project-Team5\\server\\controllers\\customerController.js": {"path":"C:\\Users\\1\\Hacktiv8\\FinalProject\\Final-Project-Team5\\server\\controllers\\customerController.js","statementMap":{"0":{"start":{"line":10,"column":4},"end":{"line":10,"column":30}},"1":{"start":{"line":14,"column":19},"end":{"line":14,"column":30}},"2":{"start":{"line":15,"column":4},"end":{"line":25,"column":5}},"3":{"start":{"line":16,"column":21},"end":{"line":20,"column":8}},"4":{"start":{"line":22,"column":6},"end":{"line":22,"column":34}},"5":{"start":{"line":24,"column":6},"end":{"line":24,"column":17}},"6":{"start":{"line":29,"column":19},"end":{"line":29,"column":30}},"7":{"start":{"line":30,"column":41},"end":{"line":30,"column":49}},"8":{"start":{"line":31,"column":4},"end":{"line":37,"column":5}},"9":{"start":{"line":32,"column":6},"end":{"line":32,"column":65}},"10":{"start":{"line":34,"column":6},"end":{"line":34,"column":57}},"11":{"start":{"line":36,"column":6},"end":{"line":36,"column":17}},"12":{"start":{"line":41,"column":0},"end":{"line":41,"column":35}}},"fnMap":{"0":{"name":"(anonymous_0)","decl":{"start":{"line":13,"column":2},"end":{"line":13,"column":3}},"loc":{"start":{"line":13,"column":38},"end":{"line":26,"column":3}},"line":13},"1":{"name":"(anonymous_1)","decl":{"start":{"line":28,"column":2},"end":{"line":28,"column":3}},"loc":{"start":{"line":28,"column":45},"end":{"line":38,"column":3}},"line":28}},"branchMap":{},"s":{"0":1,"1":0,"2":0,"3":0,"4":0,"5":0,"6":0,"7":0,"8":0,"9":0,"10":0,"11":0,"12":1},"f":{"0":0,"1":0},"b":{},"_coverageSchema":"1a1c01bbd47fc00a2c39e90264f33305004495a9","hash":"f3fad5ca15f27d6f8be6604ba9ffa13dc2d34dbe"}
,"C:\\Users\\1\\Hacktiv8\\FinalProject\\Final-Project-Team5\\server\\controllers\\modalController.js": {"path":"C:\\Users\\1\\Hacktiv8\\FinalProject\\Final-Project-Team5\\server\\controllers\\modalController.js","statementMap":{"0":{"start":{"line":1,"column":30},"end":{"line":1,"column":50}},"1":{"start":{"line":2,"column":33},"end":{"line":2,"column":67}},"2":{"start":{"line":5,"column":20},"end":{"line":5,"column":28}},"3":{"start":{"line":6,"column":17},"end":{"line":6,"column":28}},"4":{"start":{"line":7,"column":12},"end":{"line":7,"column":41}},"5":{"start":{"line":8,"column":2},"end":{"line":30,"column":3}},"6":{"start":{"line":9,"column":18},"end":{"line":22,"column":4}},"7":{"start":{"line":23,"column":18},"end":{"line":23,"column":69}},"8":{"start":{"line":25,"column":3},"end":{"line":25,"column":20}},"9":{"start":{"line":26,"column":3},"end":{"line":26,"column":32}},"10":{"start":{"line":28,"column":3},"end":{"line":28,"column":22}},"11":{"start":{"line":29,"column":3},"end":{"line":29,"column":13}},"12":{"start":{"line":34,"column":20},"end":{"line":34,"column":28}},"13":{"start":{"line":35,"column":17},"end":{"line":35,"column":28}},"14":{"start":{"line":36,"column":12},"end":{"line":36,"column":41}},"15":{"start":{"line":37,"column":2},"end":{"line":58,"column":3}},"16":{"start":{"line":38,"column":18},"end":{"line":51,"column":4}},"17":{"start":{"line":52,"column":18},"end":{"line":52,"column":69}},"18":{"start":{"line":53,"column":3},"end":{"line":53,"column":20}},"19":{"start":{"line":54,"column":3},"end":{"line":54,"column":32}},"20":{"start":{"line":56,"column":3},"end":{"line":56,"column":22}},"21":{"start":{"line":57,"column":3},"end":{"line":57,"column":13}},"22":{"start":{"line":62,"column":0},"end":{"line":62,"column":33}}},"fnMap":{"0":{"name":"(anonymous_0)","decl":{"start":{"line":4,"column":1},"end":{"line":4,"column":2}},"loc":{"start":{"line":4,"column":43},"end":{"line":31,"column":2}},"line":4},"1":{"name":"(anonymous_1)","decl":{"start":{"line":33,"column":1},"end":{"line":33,"column":2}},"loc":{"start":{"line":33,"column":43},"end":{"line":59,"column":2}},"line":33}},"branchMap":{},"s":{"0":1,"1":1,"2":0,"3":0,"4":0,"5":0,"6":0,"7":0,"8":0,"9":0,"10":0,"11":0,"12":0,"13":0,"14":0,"15":0,"16":0,"17":0,"18":0,"19":0,"20":0,"21":0,"22":1},"f":{"0":0,"1":0},"b":{},"_coverageSchema":"1a1c01bbd47fc00a2c39e90264f33305004495a9","hash":"9a81a0bd43b57d9a09b799ffcc246e8cdb9153ec"}
,"C:\\Users\\1\\Hacktiv8\\FinalProject\\Final-Project-Team5\\server\\controllers\\pembayaranPiutang.js.js": {"path":"C:\\Users\\1\\Hacktiv8\\FinalProject\\Final-Project-Team5\\server\\controllers\\pembayaranPiutang.js.js","statementMap":{"0":{"start":{"line":10,"column":4},"end":{"line":10,"column":30}},"1":{"start":{"line":14,"column":15},"end":{"line":14,"column":28}},"2":{"start":{"line":15,"column":19},"end":{"line":15,"column":30}},"3":{"start":{"line":16,"column":2},"end":{"line":67,"column":3}},"4":{"start":{"line":18,"column":30},"end":{"line":24,"column":8}},"5":{"start":{"line":26,"column":6},"end":{"line":26,"column":40}},"6":{"start":{"line":27,"column":6},"end":{"line":59,"column":7}},"7":{"start":{"line":29,"column":23},"end":{"line":29,"column":45}},"8":{"start":{"line":30,"column":18},"end":{"line":32,"column":10}},"9":{"start":{"line":34,"column":28},"end":{"line":34,"column":29}},"10":{"start":{"line":35,"column":39},"end":{"line":35,"column":41}},"11":{"start":{"line":36,"column":18},"end":{"line":36,"column":53}},"12":{"start":{"line":38,"column":21},"end":{"line":49,"column":10}},"13":{"start":{"line":52,"column":8},"end":{"line":52,"column":34}},"14":{"start":{"line":54,"column":8},"end":{"line":58,"column":7}},"15":{"start":{"line":63,"column":6},"end":{"line":63,"column":25}},"16":{"start":{"line":64,"column":3},"end":{"line":66,"column":56}},"17":{"start":{"line":71,"column":28},"end":{"line":71,"column":36}},"18":{"start":{"line":72,"column":26},"end":{"line":72,"column":37}},"19":{"start":{"line":74,"column":4},"end":{"line":74,"column":33}},"20":{"start":{"line":75,"column":4},"end":{"line":114,"column":5}},"21":{"start":{"line":76,"column":26},"end":{"line":84,"column":8}},"22":{"start":{"line":86,"column":6},"end":{"line":86,"column":44}},"23":{"start":{"line":87,"column":21},"end":{"line":100,"column":7}},"24":{"start":{"line":103,"column":6},"end":{"line":103,"column":38}},"25":{"start":{"line":106,"column":6},"end":{"line":108,"column":8}},"26":{"start":{"line":109,"column":6},"end":{"line":109,"column":37}},"27":{"start":{"line":112,"column":6},"end":{"line":112,"column":25}},"28":{"start":{"line":113,"column":6},"end":{"line":113,"column":17}},"29":{"start":{"line":118,"column":0},"end":{"line":120,"column":2}}},"fnMap":{"0":{"name":"(anonymous_0)","decl":{"start":{"line":13,"column":1},"end":{"line":13,"column":2}},"loc":{"start":{"line":13,"column":42},"end":{"line":68,"column":2}},"line":13},"1":{"name":"(anonymous_1)","decl":{"start":{"line":70,"column":2},"end":{"line":70,"column":3}},"loc":{"start":{"line":70,"column":42},"end":{"line":115,"column":3}},"line":70}},"branchMap":{"0":{"loc":{"start":{"line":27,"column":6},"end":{"line":59,"column":7}},"type":"if","locations":[{"start":{"line":27,"column":6},"end":{"line":59,"column":7}},{"start":{"line":27,"column":6},"end":{"line":59,"column":7}}],"line":27},"1":{"loc":{"start":{"line":65,"column":12},"end":{"line":65,"column":29}},"type":"binary-expr","locations":[{"start":{"line":65,"column":12},"end":{"line":65,"column":22}},{"start":{"line":65,"column":26},"end":{"line":65,"column":29}}],"line":65},"2":{"loc":{"start":{"line":66,"column":21},"end":{"line":66,"column":52}},"type":"binary-expr","locations":[{"start":{"line":66,"column":21},"end":{"line":66,"column":34}},{"start":{"line":66,"column":38},"end":{"line":66,"column":52}}],"line":66}},"s":{"0":1,"1":0,"2":0,"3":0,"4":0,"5":0,"6":0,"7":0,"8":0,"9":0,"10":0,"11":0,"12":0,"13":0,"14":0,"15":0,"16":0,"17":0,"18":0,"19":0,"20":0,"21":0,"22":0,"23":0,"24":0,"25":0,"26":0,"27":0,"28":0,"29":1},"f":{"0":0,"1":0},"b":{"0":[0,0],"1":[0,0],"2":[0,0]},"_coverageSchema":"1a1c01bbd47fc00a2c39e90264f33305004495a9","hash":"494832775afab6e28c6f003e20017302d7e4532a"}
,"C:\\Users\\1\\Hacktiv8\\FinalProject\\Final-Project-Team5\\server\\controllers\\pembelianController.js": {"path":"C:\\Users\\1\\Hacktiv8\\FinalProject\\Final-Project-Team5\\server\\controllers\\pembelianController.js","statementMap":{"0":{"start":{"line":7,"column":4},"end":{"line":7,"column":24}},"1":{"start":{"line":8,"column":33},"end":{"line":8,"column":67}},"2":{"start":{"line":11,"column":64},"end":{"line":11,"column":72}},"3":{"start":{"line":12,"column":17},"end":{"line":12,"column":28}},"4":{"start":{"line":13,"column":12},"end":{"line":13,"column":41}},"5":{"start":{"line":14,"column":19},"end":{"line":14,"column":20}},"6":{"start":{"line":15,"column":20},"end":{"line":15,"column":21}},"7":{"start":{"line":16,"column":19},"end":{"line":16,"column":39}},"8":{"start":{"line":17,"column":2},"end":{"line":147,"column":3}},"9":{"start":{"line":18,"column":20},"end":{"line":27,"column":4}},"10":{"start":{"line":28,"column":21},"end":{"line":37,"column":4}},"11":{"start":{"line":39,"column":3},"end":{"line":41,"column":6}},"12":{"start":{"line":40,"column":4},"end":{"line":40,"column":28}},"13":{"start":{"line":42,"column":3},"end":{"line":44,"column":6}},"14":{"start":{"line":43,"column":4},"end":{"line":43,"column":29}},"15":{"start":{"line":46,"column":19},"end":{"line":46,"column":43}},"16":{"start":{"line":47,"column":3},"end":{"line":52,"column":4}},"17":{"start":{"line":48,"column":4},"end":{"line":51,"column":6}},"18":{"start":{"line":54,"column":24},"end":{"line":63,"column":5}},"19":{"start":{"line":64,"column":3},"end":{"line":141,"column":4}},"20":{"start":{"line":66,"column":19},"end":{"line":66,"column":39}},"21":{"start":{"line":67,"column":19},"end":{"line":80,"column":5}},"22":{"start":{"line":81,"column":4},"end":{"line":81,"column":56}},"23":{"start":{"line":83,"column":4},"end":{"line":83,"column":21}},"24":{"start":{"line":85,"column":4},"end":{"line":85,"column":39}},"25":{"start":{"line":88,"column":19},"end":{"line":88,"column":39}},"26":{"start":{"line":89,"column":19},"end":{"line":102,"column":5}},"27":{"start":{"line":103,"column":18},"end":{"line":103,"column":69}},"28":{"start":{"line":104,"column":4},"end":{"line":104,"column":23}},"29":{"start":{"line":106,"column":5},"end":{"line":106,"column":57}},"30":{"start":{"line":107,"column":28},"end":{"line":107,"column":48}},"31":{"start":{"line":108,"column":20},"end":{"line":108,"column":57}},"32":{"start":{"line":109,"column":16},"end":{"line":109,"column":51}},"33":{"start":{"line":110,"column":25},"end":{"line":110,"column":38}},"34":{"start":{"line":111,"column":24},"end":{"line":111,"column":61}},"35":{"start":{"line":112,"column":21},"end":{"line":112,"column":23}},"36":{"start":{"line":113,"column":4},"end":{"line":119,"column":5}},"37":{"start":{"line":114,"column":5},"end":{"line":118,"column":7}},"38":{"start":{"line":127,"column":31},"end":{"line":137,"column":5}},"39":{"start":{"line":138,"column":4},"end":{"line":138,"column":21}},"40":{"start":{"line":140,"column":4},"end":{"line":140,"column":45}},"41":{"start":{"line":143,"column":3},"end":{"line":143,"column":22}},"42":{"start":{"line":146,"column":3},"end":{"line":146,"column":13}},"43":{"start":{"line":151,"column":64},"end":{"line":151,"column":72}},"44":{"start":{"line":152,"column":17},"end":{"line":152,"column":28}},"45":{"start":{"line":153,"column":12},"end":{"line":153,"column":41}},"46":{"start":{"line":154,"column":19},"end":{"line":154,"column":20}},"47":{"start":{"line":155,"column":20},"end":{"line":155,"column":21}},"48":{"start":{"line":156,"column":19},"end":{"line":156,"column":39}},"49":{"start":{"line":157,"column":2},"end":{"line":285,"column":3}},"50":{"start":{"line":158,"column":21},"end":{"line":167,"column":4}},"51":{"start":{"line":168,"column":22},"end":{"line":177,"column":4}},"52":{"start":{"line":179,"column":3},"end":{"line":181,"column":6}},"53":{"start":{"line":180,"column":4},"end":{"line":180,"column":28}},"54":{"start":{"line":182,"column":3},"end":{"line":184,"column":6}},"55":{"start":{"line":183,"column":4},"end":{"line":183,"column":29}},"56":{"start":{"line":186,"column":19},"end":{"line":186,"column":43}},"57":{"start":{"line":187,"column":3},"end":{"line":192,"column":4}},"58":{"start":{"line":188,"column":4},"end":{"line":191,"column":6}},"59":{"start":{"line":194,"column":24},"end":{"line":203,"column":5}},"60":{"start":{"line":204,"column":3},"end":{"line":281,"column":4}},"61":{"start":{"line":206,"column":19},"end":{"line":206,"column":39}},"62":{"start":{"line":207,"column":19},"end":{"line":220,"column":5}},"63":{"start":{"line":221,"column":4},"end":{"line":221,"column":56}},"64":{"start":{"line":223,"column":4},"end":{"line":223,"column":21}},"65":{"start":{"line":225,"column":4},"end":{"line":225,"column":39}},"66":{"start":{"line":228,"column":19},"end":{"line":228,"column":39}},"67":{"start":{"line":229,"column":19},"end":{"line":242,"column":5}},"68":{"start":{"line":243,"column":18},"end":{"line":243,"column":69}},"69":{"start":{"line":244,"column":4},"end":{"line":244,"column":23}},"70":{"start":{"line":246,"column":5},"end":{"line":246,"column":57}},"71":{"start":{"line":247,"column":28},"end":{"line":247,"column":48}},"72":{"start":{"line":248,"column":20},"end":{"line":248,"column":57}},"73":{"start":{"line":249,"column":16},"end":{"line":249,"column":51}},"74":{"start":{"line":250,"column":25},"end":{"line":250,"column":38}},"75":{"start":{"line":251,"column":24},"end":{"line":251,"column":61}},"76":{"start":{"line":252,"column":21},"end":{"line":252,"column":23}},"77":{"start":{"line":253,"column":4},"end":{"line":259,"column":5}},"78":{"start":{"line":254,"column":5},"end":{"line":258,"column":7}},"79":{"start":{"line":267,"column":31},"end":{"line":277,"column":5}},"80":{"start":{"line":278,"column":4},"end":{"line":278,"column":21}},"81":{"start":{"line":280,"column":4},"end":{"line":280,"column":45}},"82":{"start":{"line":283,"column":3},"end":{"line":283,"column":22}},"83":{"start":{"line":284,"column":3},"end":{"line":284,"column":13}},"84":{"start":{"line":289,"column":64},"end":{"line":289,"column":72}},"85":{"start":{"line":290,"column":17},"end":{"line":290,"column":28}},"86":{"start":{"line":291,"column":12},"end":{"line":291,"column":41}},"87":{"start":{"line":292,"column":19},"end":{"line":292,"column":20}},"88":{"start":{"line":293,"column":20},"end":{"line":293,"column":21}},"89":{"start":{"line":294,"column":19},"end":{"line":294,"column":39}},"90":{"start":{"line":295,"column":2},"end":{"line":386,"column":3}},"91":{"start":{"line":297,"column":24},"end":{"line":306,"column":5}},"92":{"start":{"line":307,"column":3},"end":{"line":380,"column":4}},"93":{"start":{"line":309,"column":19},"end":{"line":309,"column":39}},"94":{"start":{"line":310,"column":19},"end":{"line":323,"column":5}},"95":{"start":{"line":324,"column":4},"end":{"line":324,"column":56}},"96":{"start":{"line":326,"column":4},"end":{"line":326,"column":21}},"97":{"start":{"line":328,"column":4},"end":{"line":328,"column":39}},"98":{"start":{"line":331,"column":19},"end":{"line":331,"column":39}},"99":{"start":{"line":332,"column":19},"end":{"line":345,"column":5}},"100":{"start":{"line":346,"column":18},"end":{"line":346,"column":69}},"101":{"start":{"line":347,"column":4},"end":{"line":347,"column":23}},"102":{"start":{"line":349,"column":5},"end":{"line":349,"column":57}},"103":{"start":{"line":350,"column":28},"end":{"line":350,"column":48}},"104":{"start":{"line":351,"column":20},"end":{"line":351,"column":57}},"105":{"start":{"line":352,"column":16},"end":{"line":352,"column":51}},"106":{"start":{"line":353,"column":25},"end":{"line":353,"column":38}},"107":{"start":{"line":354,"column":24},"end":{"line":354,"column":61}},"108":{"start":{"line":355,"column":21},"end":{"line":355,"column":23}},"109":{"start":{"line":356,"column":4},"end":{"line":362,"column":5}},"110":{"start":{"line":357,"column":5},"end":{"line":361,"column":7}},"111":{"start":{"line":370,"column":31},"end":{"line":376,"column":6}},"112":{"start":{"line":377,"column":4},"end":{"line":377,"column":21}},"113":{"start":{"line":379,"column":4},"end":{"line":379,"column":45}},"114":{"start":{"line":382,"column":3},"end":{"line":382,"column":22}},"115":{"start":{"line":385,"column":6},"end":{"line":385,"column":16}},"116":{"start":{"line":389,"column":0},"end":{"line":389,"column":37}}},"fnMap":{"0":{"name":"(anonymous_0)","decl":{"start":{"line":10,"column":1},"end":{"line":10,"column":2}},"loc":{"start":{"line":10,"column":44},"end":{"line":148,"column":2}},"line":10},"1":{"name":"(anonymous_1)","decl":{"start":{"line":39,"column":20},"end":{"line":39,"column":21}},"loc":{"start":{"line":39,"column":28},"end":{"line":41,"column":4}},"line":39},"2":{"name":"(anonymous_2)","decl":{"start":{"line":42,"column":21},"end":{"line":42,"column":22}},"loc":{"start":{"line":42,"column":29},"end":{"line":44,"column":4}},"line":42},"3":{"name":"(anonymous_3)","decl":{"start":{"line":150,"column":1},"end":{"line":150,"column":2}},"loc":{"start":{"line":150,"column":44},"end":{"line":286,"column":2}},"line":150},"4":{"name":"(anonymous_4)","decl":{"start":{"line":179,"column":21},"end":{"line":179,"column":22}},"loc":{"start":{"line":179,"column":29},"end":{"line":181,"column":4}},"line":179},"5":{"name":"(anonymous_5)","decl":{"start":{"line":182,"column":22},"end":{"line":182,"column":23}},"loc":{"start":{"line":182,"column":30},"end":{"line":184,"column":4}},"line":182},"6":{"name":"(anonymous_6)","decl":{"start":{"line":288,"column":1},"end":{"line":288,"column":2}},"loc":{"start":{"line":288,"column":46},"end":{"line":387,"column":2}},"line":288}},"branchMap":{"0":{"loc":{"start":{"line":47,"column":3},"end":{"line":52,"column":4}},"type":"if","locations":[{"start":{"line":47,"column":3},"end":{"line":52,"column":4}},{"start":{"line":47,"column":3},"end":{"line":52,"column":4}}],"line":47},"1":{"loc":{"start":{"line":64,"column":3},"end":{"line":141,"column":4}},"type":"if","locations":[{"start":{"line":64,"column":3},"end":{"line":141,"column":4}},{"start":{"line":64,"column":3},"end":{"line":141,"column":4}}],"line":64},"2":{"loc":{"start":{"line":113,"column":4},"end":{"line":119,"column":5}},"type":"if","locations":[{"start":{"line":113,"column":4},"end":{"line":119,"column":5}},{"start":{"line":113,"column":4},"end":{"line":119,"column":5}}],"line":113},"3":{"loc":{"start":{"line":187,"column":3},"end":{"line":192,"column":4}},"type":"if","locations":[{"start":{"line":187,"column":3},"end":{"line":192,"column":4}},{"start":{"line":187,"column":3},"end":{"line":192,"column":4}}],"line":187},"4":{"loc":{"start":{"line":204,"column":3},"end":{"line":281,"column":4}},"type":"if","locations":[{"start":{"line":204,"column":3},"end":{"line":281,"column":4}},{"start":{"line":204,"column":3},"end":{"line":281,"column":4}}],"line":204},"5":{"loc":{"start":{"line":253,"column":4},"end":{"line":259,"column":5}},"type":"if","locations":[{"start":{"line":253,"column":4},"end":{"line":259,"column":5}},{"start":{"line":253,"column":4},"end":{"line":259,"column":5}}],"line":253},"6":{"loc":{"start":{"line":307,"column":3},"end":{"line":380,"column":4}},"type":"if","locations":[{"start":{"line":307,"column":3},"end":{"line":380,"column":4}},{"start":{"line":307,"column":3},"end":{"line":380,"column":4}}],"line":307},"7":{"loc":{"start":{"line":356,"column":4},"end":{"line":362,"column":5}},"type":"if","locations":[{"start":{"line":356,"column":4},"end":{"line":362,"column":5}},{"start":{"line":356,"column":4},"end":{"line":362,"column":5}}],"line":356}},"s":{"0":1,"1":1,"2":0,"3":0,"4":0,"5":0,"6":0,"7":0,"8":0,"9":0,"10":0,"11":0,"12":0,"13":0,"14":0,"15":0,"16":0,"17":0,"18":0,"19":0,"20":0,"21":0,"22":0,"23":0,"24":0,"25":0,"26":0,"27":0,"28":0,"29":0,"30":0,"31":0,"32":0,"33":0,"34":0,"35":0,"36":0,"37":0,"38":0,"39":0,"40":0,"41":0,"42":0,"43":0,"44":0,"45":0,"46":0,"47":0,"48":0,"49":0,"50":0,"51":0,"52":0,"53":0,"54":0,"55":0,"56":0,"57":0,"58":0,"59":0,"60":0,"61":0,"62":0,"63":0,"64":0,"65":0,"66":0,"67":0,"68":0,"69":0,"70":0,"71":0,"72":0,"73":0,"74":0,"75":0,"76":0,"77":0,"78":0,"79":0,"80":0,"81":0,"82":0,"83":0,"84":0,"85":0,"86":0,"87":0,"88":0,"89":0,"90":0,"91":0,"92":0,"93":0,"94":0,"95":0,"96":0,"97":0,"98":0,"99":0,"100":0,"101":0,"102":0,"103":0,"104":0,"105":0,"106":0,"107":0,"108":0,"109":0,"110":0,"111":0,"112":0,"113":0,"114":0,"115":0,"116":1},"f":{"0":0,"1":0,"2":0,"3":0,"4":0,"5":0,"6":0},"b":{"0":[0,0],"1":[0,0],"2":[0,0],"3":[0,0],"4":[0,0],"5":[0,0],"6":[0,0],"7":[0,0]},"_coverageSchema":"1a1c01bbd47fc00a2c39e90264f33305004495a9","hash":"11f9b82da32c016b6686e75f1da6432de78cc97a"}
,"C:\\Users\\1\\Hacktiv8\\FinalProject\\Final-Project-Team5\\server\\controllers\\pengeluaranController.js": {"path":"C:\\Users\\1\\Hacktiv8\\FinalProject\\Final-Project-Team5\\server\\controllers\\pengeluaranController.js","statementMap":{"0":{"start":{"line":7,"column":4},"end":{"line":7,"column":24}},"1":{"start":{"line":8,"column":33},"end":{"line":8,"column":67}},"2":{"start":{"line":11,"column":32},"end":{"line":11,"column":40}},"3":{"start":{"line":12,"column":17},"end":{"line":12,"column":28}},"4":{"start":{"line":13,"column":12},"end":{"line":13,"column":41}},"5":{"start":{"line":14,"column":19},"end":{"line":14,"column":20}},"6":{"start":{"line":15,"column":20},"end":{"line":15,"column":21}},"7":{"start":{"line":17,"column":2},"end":{"line":83,"column":3}},"8":{"start":{"line":18,"column":20},"end":{"line":27,"column":4}},"9":{"start":{"line":28,"column":21},"end":{"line":37,"column":4}},"10":{"start":{"line":40,"column":3},"end":{"line":42,"column":6}},"11":{"start":{"line":41,"column":4},"end":{"line":41,"column":28}},"12":{"start":{"line":43,"column":3},"end":{"line":45,"column":6}},"13":{"start":{"line":44,"column":4},"end":{"line":44,"column":29}},"14":{"start":{"line":49,"column":19},"end":{"line":49,"column":43}},"15":{"start":{"line":50,"column":3},"end":{"line":56,"column":4}},"16":{"start":{"line":52,"column":4},"end":{"line":55,"column":6}},"17":{"start":{"line":58,"column":18},"end":{"line":72,"column":4}},"18":{"start":{"line":74,"column":3},"end":{"line":74,"column":55}},"19":{"start":{"line":76,"column":3},"end":{"line":76,"column":20}},"20":{"start":{"line":78,"column":3},"end":{"line":78,"column":60}},"21":{"start":{"line":80,"column":3},"end":{"line":80,"column":22}},"22":{"start":{"line":82,"column":3},"end":{"line":82,"column":15}},"23":{"start":{"line":87,"column":32},"end":{"line":87,"column":40}},"24":{"start":{"line":88,"column":17},"end":{"line":88,"column":28}},"25":{"start":{"line":89,"column":12},"end":{"line":89,"column":41}},"26":{"start":{"line":90,"column":19},"end":{"line":90,"column":20}},"27":{"start":{"line":91,"column":20},"end":{"line":91,"column":21}},"28":{"start":{"line":93,"column":2},"end":{"line":154,"column":3}},"29":{"start":{"line":94,"column":21},"end":{"line":103,"column":4}},"30":{"start":{"line":104,"column":22},"end":{"line":113,"column":4}},"31":{"start":{"line":115,"column":3},"end":{"line":117,"column":6}},"32":{"start":{"line":116,"column":4},"end":{"line":116,"column":28}},"33":{"start":{"line":118,"column":3},"end":{"line":120,"column":6}},"34":{"start":{"line":119,"column":4},"end":{"line":119,"column":29}},"35":{"start":{"line":122,"column":19},"end":{"line":122,"column":43}},"36":{"start":{"line":123,"column":3},"end":{"line":128,"column":4}},"37":{"start":{"line":124,"column":4},"end":{"line":127,"column":6}},"38":{"start":{"line":130,"column":18},"end":{"line":144,"column":4}},"39":{"start":{"line":146,"column":3},"end":{"line":146,"column":55}},"40":{"start":{"line":148,"column":3},"end":{"line":148,"column":20}},"41":{"start":{"line":150,"column":3},"end":{"line":150,"column":60}},"42":{"start":{"line":152,"column":3},"end":{"line":152,"column":22}},"43":{"start":{"line":153,"column":3},"end":{"line":153,"column":15}},"44":{"start":{"line":158,"column":0},"end":{"line":158,"column":39}}},"fnMap":{"0":{"name":"(anonymous_0)","decl":{"start":{"line":10,"column":1},"end":{"line":10,"column":2}},"loc":{"start":{"line":10,"column":40},"end":{"line":84,"column":2}},"line":10},"1":{"name":"(anonymous_1)","decl":{"start":{"line":40,"column":20},"end":{"line":40,"column":21}},"loc":{"start":{"line":40,"column":28},"end":{"line":42,"column":4}},"line":40},"2":{"name":"(anonymous_2)","decl":{"start":{"line":43,"column":21},"end":{"line":43,"column":22}},"loc":{"start":{"line":43,"column":29},"end":{"line":45,"column":4}},"line":43},"3":{"name":"(anonymous_3)","decl":{"start":{"line":86,"column":1},"end":{"line":86,"column":2}},"loc":{"start":{"line":86,"column":40},"end":{"line":155,"column":2}},"line":86},"4":{"name":"(anonymous_4)","decl":{"start":{"line":115,"column":21},"end":{"line":115,"column":22}},"loc":{"start":{"line":115,"column":29},"end":{"line":117,"column":4}},"line":115},"5":{"name":"(anonymous_5)","decl":{"start":{"line":118,"column":22},"end":{"line":118,"column":23}},"loc":{"start":{"line":118,"column":30},"end":{"line":120,"column":4}},"line":118}},"branchMap":{"0":{"loc":{"start":{"line":50,"column":3},"end":{"line":56,"column":4}},"type":"if","locations":[{"start":{"line":50,"column":3},"end":{"line":56,"column":4}},{"start":{"line":50,"column":3},"end":{"line":56,"column":4}}],"line":50},"1":{"loc":{"start":{"line":123,"column":3},"end":{"line":128,"column":4}},"type":"if","locations":[{"start":{"line":123,"column":3},"end":{"line":128,"column":4}},{"start":{"line":123,"column":3},"end":{"line":128,"column":4}}],"line":123}},"s":{"0":1,"1":1,"2":0,"3":0,"4":0,"5":0,"6":0,"7":0,"8":0,"9":0,"10":0,"11":0,"12":0,"13":0,"14":0,"15":0,"16":0,"17":0,"18":0,"19":0,"20":0,"21":0,"22":0,"23":0,"24":0,"25":0,"26":0,"27":0,"28":0,"29":0,"30":0,"31":0,"32":0,"33":0,"34":0,"35":0,"36":0,"37":0,"38":0,"39":0,"40":0,"41":0,"42":0,"43":0,"44":1},"f":{"0":0,"1":0,"2":0,"3":0,"4":0,"5":0},"b":{"0":[0,0],"1":[0,0]},"_coverageSchema":"1a1c01bbd47fc00a2c39e90264f33305004495a9","hash":"5009a0f794b59e850c7543125aec49d34cf20e9d"}
,"C:\\Users\\1\\Hacktiv8\\FinalProject\\Final-Project-Team5\\server\\controllers\\penjualanController.js": {"path":"C:\\Users\\1\\Hacktiv8\\FinalProject\\Final-Project-Team5\\server\\controllers\\penjualanController.js","statementMap":{"0":{"start":{"line":7,"column":4},"end":{"line":7,"column":24}},"1":{"start":{"line":8,"column":33},"end":{"line":8,"column":67}},"2":{"start":{"line":12,"column":48},"end":{"line":12,"column":56}},"3":{"start":{"line":13,"column":22},"end":{"line":13,"column":31}},"4":{"start":{"line":14,"column":19},"end":{"line":14,"column":30}},"5":{"start":{"line":15,"column":21},"end":{"line":15,"column":31}},"6":{"start":{"line":17,"column":4},"end":{"line":17,"column":42}},"7":{"start":{"line":18,"column":4},"end":{"line":18,"column":40}},"8":{"start":{"line":20,"column":14},"end":{"line":20,"column":43}},"9":{"start":{"line":21,"column":4},"end":{"line":146,"column":5}},"10":{"start":{"line":22,"column":27},"end":{"line":22,"column":60}},"11":{"start":{"line":24,"column":6},"end":{"line":141,"column":7}},"12":{"start":{"line":25,"column":28},"end":{"line":25,"column":49}},"13":{"start":{"line":26,"column":28},"end":{"line":26,"column":50}},"14":{"start":{"line":28,"column":23},"end":{"line":28,"column":56}},"15":{"start":{"line":29,"column":8},"end":{"line":29,"column":37}},"16":{"start":{"line":32,"column":8},"end":{"line":39,"column":9}},"17":{"start":{"line":34,"column":10},"end":{"line":38,"column":12}},"18":{"start":{"line":42,"column":8},"end":{"line":52,"column":10}},"19":{"start":{"line":55,"column":28},"end":{"line":68,"column":9}},"20":{"start":{"line":71,"column":23},"end":{"line":97,"column":9}},"21":{"start":{"line":99,"column":8},"end":{"line":128,"column":9}},"22":{"start":{"line":100,"column":10},"end":{"line":127,"column":12}},"23":{"start":{"line":130,"column":23},"end":{"line":130,"column":74}},"24":{"start":{"line":132,"column":8},"end":{"line":132,"column":25}},"25":{"start":{"line":133,"column":8},"end":{"line":133,"column":37}},"26":{"start":{"line":136,"column":8},"end":{"line":140,"column":10}},"27":{"start":{"line":143,"column":6},"end":{"line":143,"column":25}},"28":{"start":{"line":144,"column":6},"end":{"line":144,"column":25}},"29":{"start":{"line":145,"column":6},"end":{"line":145,"column":18}},"30":{"start":{"line":150,"column":34},"end":{"line":150,"column":42}},"31":{"start":{"line":151,"column":22},"end":{"line":151,"column":32}},"32":{"start":{"line":152,"column":19},"end":{"line":152,"column":30}},"33":{"start":{"line":153,"column":21},"end":{"line":153,"column":53}},"34":{"start":{"line":155,"column":14},"end":{"line":155,"column":43}},"35":{"start":{"line":156,"column":4},"end":{"line":263,"column":5}},"36":{"start":{"line":157,"column":27},"end":{"line":157,"column":60}},"37":{"start":{"line":159,"column":6},"end":{"line":258,"column":7}},"38":{"start":{"line":160,"column":28},"end":{"line":160,"column":49}},"39":{"start":{"line":161,"column":28},"end":{"line":161,"column":62}},"40":{"start":{"line":164,"column":8},"end":{"line":171,"column":9}},"41":{"start":{"line":166,"column":10},"end":{"line":170,"column":12}},"42":{"start":{"line":174,"column":8},"end":{"line":184,"column":10}},"43":{"start":{"line":187,"column":8},"end":{"line":200,"column":9}},"44":{"start":{"line":188,"column":30},"end":{"line":198,"column":11}},"45":{"start":{"line":199,"column":10},"end":{"line":199,"column":38}},"46":{"start":{"line":203,"column":28},"end":{"line":216,"column":9}},"47":{"start":{"line":219,"column":23},"end":{"line":245,"column":9}},"48":{"start":{"line":247,"column":23},"end":{"line":247,"column":74}},"49":{"start":{"line":249,"column":8},"end":{"line":249,"column":25}},"50":{"start":{"line":250,"column":8},"end":{"line":250,"column":37}},"51":{"start":{"line":253,"column":8},"end":{"line":257,"column":10}},"52":{"start":{"line":260,"column":6},"end":{"line":260,"column":25}},"53":{"start":{"line":261,"column":6},"end":{"line":261,"column":25}},"54":{"start":{"line":262,"column":6},"end":{"line":262,"column":18}},"55":{"start":{"line":267,"column":0},"end":{"line":267,"column":37}}},"fnMap":{"0":{"name":"(anonymous_0)","decl":{"start":{"line":11,"column":2},"end":{"line":11,"column":3}},"loc":{"start":{"line":11,"column":45},"end":{"line":147,"column":3}},"line":11},"1":{"name":"(anonymous_1)","decl":{"start":{"line":149,"column":2},"end":{"line":149,"column":3}},"loc":{"start":{"line":149,"column":48},"end":{"line":264,"column":3}},"line":149}},"branchMap":{"0":{"loc":{"start":{"line":24,"column":6},"end":{"line":141,"column":7}},"type":"if","locations":[{"start":{"line":24,"column":6},"end":{"line":141,"column":7}},{"start":{"line":24,"column":6},"end":{"line":141,"column":7}}],"line":24},"1":{"loc":{"start":{"line":32,"column":8},"end":{"line":39,"column":9}},"type":"if","locations":[{"start":{"line":32,"column":8},"end":{"line":39,"column":9}},{"start":{"line":32,"column":8},"end":{"line":39,"column":9}}],"line":32},"2":{"loc":{"start":{"line":99,"column":8},"end":{"line":128,"column":9}},"type":"if","locations":[{"start":{"line":99,"column":8},"end":{"line":128,"column":9}},{"start":{"line":99,"column":8},"end":{"line":128,"column":9}}],"line":99},"3":{"loc":{"start":{"line":153,"column":21},"end":{"line":153,"column":53}},"type":"cond-expr","locations":[{"start":{"line":153,"column":35},"end":{"line":153,"column":46}},{"start":{"line":153,"column":49},"end":{"line":153,"column":53}}],"line":153},"4":{"loc":{"start":{"line":159,"column":6},"end":{"line":258,"column":7}},"type":"if","locations":[{"start":{"line":159,"column":6},"end":{"line":258,"column":7}},{"start":{"line":159,"column":6},"end":{"line":258,"column":7}}],"line":159},"5":{"loc":{"start":{"line":164,"column":8},"end":{"line":171,"column":9}},"type":"if","locations":[{"start":{"line":164,"column":8},"end":{"line":171,"column":9}},{"start":{"line":164,"column":8},"end":{"line":171,"column":9}}],"line":164},"6":{"loc":{"start":{"line":187,"column":8},"end":{"line":200,"column":9}},"type":"if","locations":[{"start":{"line":187,"column":8},"end":{"line":200,"column":9}},{"start":{"line":187,"column":8},"end":{"line":200,"column":9}}],"line":187}},"s":{"0":1,"1":1,"2":0,"3":0,"4":0,"5":0,"6":0,"7":0,"8":0,"9":0,"10":0,"11":0,"12":0,"13":0,"14":0,"15":0,"16":0,"17":0,"18":0,"19":0,"20":0,"21":0,"22":0,"23":0,"24":0,"25":0,"26":0,"27":0,"28":0,"29":0,"30":0,"31":0,"32":0,"33":0,"34":0,"35":0,"36":0,"37":0,"38":0,"39":0,"40":0,"41":0,"42":0,"43":0,"44":0,"45":0,"46":0,"47":0,"48":0,"49":0,"50":0,"51":0,"52":0,"53":0,"54":0,"55":1},"f":{"0":0,"1":0},"b":{"0":[0,0],"1":[0,0],"2":[0,0],"3":[0,0],"4":[0,0],"5":[0,0],"6":[0,0]},"_coverageSchema":"1a1c01bbd47fc00a2c39e90264f33305004495a9","hash":"7bce70a3d90b53ee7cb54627251e7d22c12a09cb"}
,"C:\\Users\\1\\Hacktiv8\\FinalProject\\Final-Project-Team5\\server\\controllers\\productController.js": {"path":"C:\\Users\\1\\Hacktiv8\\FinalProject\\Final-Project-Team5\\server\\controllers\\productController.js","statementMap":{"0":{"start":{"line":1,"column":20},"end":{"line":1,"column":40}},"1":{"start":{"line":5,"column":17},"end":{"line":5,"column":28}},"2":{"start":{"line":6,"column":2},"end":{"line":14,"column":3}},"3":{"start":{"line":7,"column":18},"end":{"line":9,"column":5}},"4":{"start":{"line":11,"column":3},"end":{"line":11,"column":32}},"5":{"start":{"line":13,"column":3},"end":{"line":13,"column":15}},"6":{"start":{"line":18,"column":20},"end":{"line":18,"column":33}},"7":{"start":{"line":19,"column":2},"end":{"line":31,"column":3}},"8":{"start":{"line":20,"column":18},"end":{"line":20,"column":69}},"9":{"start":{"line":21,"column":3},"end":{"line":26,"column":4}},"10":{"start":{"line":22,"column":4},"end":{"line":25,"column":6}},"11":{"start":{"line":27,"column":3},"end":{"line":27,"column":32}},"12":{"start":{"line":30,"column":3},"end":{"line":30,"column":15}},"13":{"start":{"line":35,"column":0},"end":{"line":35,"column":35}}},"fnMap":{"0":{"name":"(anonymous_0)","decl":{"start":{"line":4,"column":1},"end":{"line":4,"column":2}},"loc":{"start":{"line":4,"column":44},"end":{"line":15,"column":2}},"line":4},"1":{"name":"(anonymous_1)","decl":{"start":{"line":17,"column":1},"end":{"line":17,"column":2}},"loc":{"start":{"line":17,"column":44},"end":{"line":32,"column":2}},"line":17}},"branchMap":{"0":{"loc":{"start":{"line":21,"column":3},"end":{"line":26,"column":4}},"type":"if","locations":[{"start":{"line":21,"column":3},"end":{"line":26,"column":4}},{"start":{"line":21,"column":3},"end":{"line":26,"column":4}}],"line":21}},"s":{"0":1,"1":0,"2":0,"3":0,"4":0,"5":0,"6":0,"7":0,"8":0,"9":0,"10":0,"11":0,"12":0,"13":1},"f":{"0":0,"1":0},"b":{"0":[0,0]},"_coverageSchema":"1a1c01bbd47fc00a2c39e90264f33305004495a9","hash":"5b9673cac1ad9a410337b2851e75852549814beb"}
,"C:\\Users\\1\\Hacktiv8\\FinalProject\\Final-Project-Team5\\server\\controllers\\reportController.js": {"path":"C:\\Users\\1\\Hacktiv8\\FinalProject\\Final-Project-Team5\\server\\controllers\\reportController.js","statementMap":{"0":{"start":{"line":8,"column":4},"end":{"line":8,"column":24}},"1":{"start":{"line":9,"column":11},"end":{"line":9,"column":23}},"2":{"start":{"line":10,"column":33},"end":{"line":10,"column":67}},"3":{"start":{"line":11,"column":14},"end":{"line":11,"column":30}},"4":{"start":{"line":12,"column":23},"end":{"line":12,"column":43}},"5":{"start":{"line":16,"column":19},"end":{"line":16,"column":30}},"6":{"start":{"line":17,"column":18},"end":{"line":17,"column":28}},"7":{"start":{"line":18,"column":22},"end":{"line":18,"column":37}},"8":{"start":{"line":21,"column":4},"end":{"line":46,"column":5}},"9":{"start":{"line":25,"column":24},"end":{"line":28,"column":52}},"10":{"start":{"line":31,"column":25},"end":{"line":34,"column":52}},"11":{"start":{"line":36,"column":27},"end":{"line":39,"column":52}},"12":{"start":{"line":42,"column":6},"end":{"line":42,"column":65}},"13":{"start":{"line":45,"column":6},"end":{"line":45,"column":17}},"14":{"start":{"line":50,"column":19},"end":{"line":50,"column":30}},"15":{"start":{"line":51,"column":18},"end":{"line":51,"column":28}},"16":{"start":{"line":52,"column":25},"end":{"line":52,"column":43}},"17":{"start":{"line":54,"column":4},"end":{"line":79,"column":5}},"18":{"start":{"line":55,"column":6},"end":{"line":55,"column":39}},"19":{"start":{"line":56,"column":24},"end":{"line":59,"column":52}},"20":{"start":{"line":62,"column":25},"end":{"line":65,"column":52}},"21":{"start":{"line":67,"column":27},"end":{"line":70,"column":52}},"22":{"start":{"line":72,"column":6},"end":{"line":74,"column":8}},"23":{"start":{"line":73,"column":8},"end":{"line":73,"column":57}},"24":{"start":{"line":76,"column":6},"end":{"line":76,"column":65}},"25":{"start":{"line":78,"column":6},"end":{"line":78,"column":17}},"26":{"start":{"line":83,"column":17},"end":{"line":83,"column":28}},"27":{"start":{"line":84,"column":24},"end":{"line":84,"column":25}},"28":{"start":{"line":85,"column":23},"end":{"line":85,"column":24}},"29":{"start":{"line":86,"column":25},"end":{"line":86,"column":26}},"30":{"start":{"line":87,"column":26},"end":{"line":87,"column":27}},"31":{"start":{"line":88,"column":28},"end":{"line":88,"column":29}},"32":{"start":{"line":89,"column":29},"end":{"line":89,"column":30}},"33":{"start":{"line":90,"column":28},"end":{"line":90,"column":29}},"34":{"start":{"line":91,"column":29},"end":{"line":91,"column":30}},"35":{"start":{"line":92,"column":12},"end":{"line":92,"column":41}},"36":{"start":{"line":93,"column":2},"end":{"line":224,"column":5}},"37":{"start":{"line":94,"column":23},"end":{"line":103,"column":4}},"38":{"start":{"line":104,"column":21},"end":{"line":113,"column":4}},"39":{"start":{"line":115,"column":3},"end":{"line":117,"column":6}},"40":{"start":{"line":116,"column":4},"end":{"line":116,"column":31}},"41":{"start":{"line":118,"column":3},"end":{"line":120,"column":6}},"42":{"start":{"line":119,"column":4},"end":{"line":119,"column":32}},"43":{"start":{"line":122,"column":22},"end":{"line":122,"column":52}},"44":{"start":{"line":125,"column":24},"end":{"line":134,"column":4}},"45":{"start":{"line":135,"column":22},"end":{"line":144,"column":4}},"46":{"start":{"line":146,"column":3},"end":{"line":148,"column":6}},"47":{"start":{"line":147,"column":4},"end":{"line":147,"column":32}},"48":{"start":{"line":149,"column":3},"end":{"line":151,"column":6}},"49":{"start":{"line":150,"column":4},"end":{"line":150,"column":33}},"50":{"start":{"line":153,"column":23},"end":{"line":153,"column":55}},"51":{"start":{"line":156,"column":27},"end":{"line":165,"column":4}},"52":{"start":{"line":166,"column":25},"end":{"line":175,"column":4}},"53":{"start":{"line":177,"column":3},"end":{"line":179,"column":6}},"54":{"start":{"line":178,"column":4},"end":{"line":178,"column":35}},"55":{"start":{"line":180,"column":3},"end":{"line":182,"column":6}},"56":{"start":{"line":181,"column":4},"end":{"line":181,"column":36}},"57":{"start":{"line":184,"column":26},"end":{"line":184,"column":64}},"58":{"start":{"line":187,"column":26},"end":{"line":196,"column":4}},"59":{"start":{"line":197,"column":24},"end":{"line":206,"column":4}},"60":{"start":{"line":208,"column":3},"end":{"line":210,"column":6}},"61":{"start":{"line":209,"column":4},"end":{"line":209,"column":35}},"62":{"start":{"line":211,"column":3},"end":{"line":213,"column":6}},"63":{"start":{"line":212,"column":4},"end":{"line":212,"column":36}},"64":{"start":{"line":215,"column":25},"end":{"line":215,"column":63}},"65":{"start":{"line":217,"column":6},"end":{"line":217,"column":23}},"66":{"start":{"line":219,"column":3},"end":{"line":219,"column":82}},"67":{"start":{"line":221,"column":6},"end":{"line":221,"column":25}},"68":{"start":{"line":222,"column":6},"end":{"line":222,"column":25}},"69":{"start":{"line":223,"column":3},"end":{"line":223,"column":15}},"70":{"start":{"line":228,"column":0},"end":{"line":228,"column":34}}},"fnMap":{"0":{"name":"(anonymous_0)","decl":{"start":{"line":15,"column":2},"end":{"line":15,"column":3}},"loc":{"start":{"line":15,"column":39},"end":{"line":47,"column":3}},"line":15},"1":{"name":"(anonymous_1)","decl":{"start":{"line":49,"column":2},"end":{"line":49,"column":3}},"loc":{"start":{"line":49,"column":46},"end":{"line":80,"column":3}},"line":49},"2":{"name":"(anonymous_2)","decl":{"start":{"line":72,"column":24},"end":{"line":72,"column":25}},"loc":{"start":{"line":72,"column":35},"end":{"line":74,"column":7}},"line":72},"3":{"name":"(anonymous_3)","decl":{"start":{"line":82,"column":1},"end":{"line":82,"column":2}},"loc":{"start":{"line":82,"column":39},"end":{"line":225,"column":2}},"line":82},"4":{"name":"(anonymous_4)","decl":{"start":{"line":115,"column":20},"end":{"line":115,"column":21}},"loc":{"start":{"line":115,"column":28},"end":{"line":117,"column":4}},"line":115},"5":{"name":"(anonymous_5)","decl":{"start":{"line":118,"column":21},"end":{"line":118,"column":22}},"loc":{"start":{"line":118,"column":29},"end":{"line":120,"column":4}},"line":118},"6":{"name":"(anonymous_6)","decl":{"start":{"line":146,"column":21},"end":{"line":146,"column":22}},"loc":{"start":{"line":146,"column":29},"end":{"line":148,"column":4}},"line":146},"7":{"name":"(anonymous_7)","decl":{"start":{"line":149,"column":22},"end":{"line":149,"column":23}},"loc":{"start":{"line":149,"column":30},"end":{"line":151,"column":4}},"line":149},"8":{"name":"(anonymous_8)","decl":{"start":{"line":177,"column":24},"end":{"line":177,"column":25}},"loc":{"start":{"line":177,"column":32},"end":{"line":179,"column":4}},"line":177},"9":{"name":"(anonymous_9)","decl":{"start":{"line":180,"column":25},"end":{"line":180,"column":26}},"loc":{"start":{"line":180,"column":33},"end":{"line":182,"column":4}},"line":180},"10":{"name":"(anonymous_10)","decl":{"start":{"line":208,"column":23},"end":{"line":208,"column":24}},"loc":{"start":{"line":208,"column":31},"end":{"line":210,"column":4}},"line":208},"11":{"name":"(anonymous_11)","decl":{"start":{"line":211,"column":24},"end":{"line":211,"column":25}},"loc":{"start":{"line":211,"column":32},"end":{"line":213,"column":4}},"line":211}},"branchMap":{},"s":{"0":1,"1":1,"2":1,"3":1,"4":1,"5":0,"6":0,"7":0,"8":0,"9":0,"10":0,"11":0,"12":0,"13":0,"14":0,"15":0,"16":0,"17":0,"18":0,"19":0,"20":0,"21":0,"22":0,"23":0,"24":0,"25":0,"26":0,"27":0,"28":0,"29":0,"30":0,"31":0,"32":0,"33":0,"34":0,"35":0,"36":0,"37":0,"38":0,"39":0,"40":0,"41":0,"42":0,"43":0,"44":0,"45":0,"46":0,"47":0,"48":0,"49":0,"50":0,"51":0,"52":0,"53":0,"54":0,"55":0,"56":0,"57":0,"58":0,"59":0,"60":0,"61":0,"62":0,"63":0,"64":0,"65":0,"66":0,"67":0,"68":0,"69":0,"70":1},"f":{"0":0,"1":0,"2":0,"3":0,"4":0,"5":0,"6":0,"7":0,"8":0,"9":0,"10":0,"11":0},"b":{},"_coverageSchema":"1a1c01bbd47fc00a2c39e90264f33305004495a9","hash":"541974ecd8510bf43e9474ea17ff731701a2eb1f"}
,"C:\\Users\\1\\Hacktiv8\\FinalProject\\Final-Project-Team5\\server\\controllers\\transactionController.js": {"path":"C:\\Users\\1\\Hacktiv8\\FinalProject\\Final-Project-Team5\\server\\controllers\\transactionController.js","statementMap":{"0":{"start":{"line":10,"column":4},"end":{"line":10,"column":30}},"1":{"start":{"line":14,"column":19},"end":{"line":14,"column":30}},"2":{"start":{"line":15,"column":4},"end":{"line":27,"column":5}},"3":{"start":{"line":16,"column":21},"end":{"line":22,"column":8}},"4":{"start":{"line":24,"column":6},"end":{"line":24,"column":34}},"5":{"start":{"line":26,"column":6},"end":{"line":26,"column":17}},"6":{"start":{"line":31,"column":19},"end":{"line":31,"column":30}},"7":{"start":{"line":32,"column":4},"end":{"line":44,"column":5}},"8":{"start":{"line":33,"column":21},"end":{"line":39,"column":8}},"9":{"start":{"line":41,"column":6},"end":{"line":41,"column":34}},"10":{"start":{"line":43,"column":6},"end":{"line":43,"column":17}},"11":{"start":{"line":48,"column":0},"end":{"line":48,"column":38}}},"fnMap":{"0":{"name":"(anonymous_0)","decl":{"start":{"line":13,"column":2},"end":{"line":13,"column":3}},"loc":{"start":{"line":13,"column":40},"end":{"line":28,"column":3}},"line":13},"1":{"name":"(anonymous_1)","decl":{"start":{"line":30,"column":2},"end":{"line":30,"column":3}},"loc":{"start":{"line":30,"column":38},"end":{"line":45,"column":3}},"line":30}},"branchMap":{},"s":{"0":1,"1":0,"2":0,"3":0,"4":0,"5":0,"6":0,"7":0,"8":0,"9":0,"10":0,"11":1},"f":{"0":0,"1":0},"b":{},"_coverageSchema":"1a1c01bbd47fc00a2c39e90264f33305004495a9","hash":"5ad906a0683db396a7964ff3b04d11c1fa959a28"}
,"C:\\Users\\1\\Hacktiv8\\FinalProject\\Final-Project-Team5\\server\\controllers\\userController.js": {"path":"C:\\Users\\1\\Hacktiv8\\FinalProject\\Final-Project-Team5\\server\\controllers\\userController.js","statementMap":{"0":{"start":{"line":1,"column":28},"end":{"line":1,"column":48}},"1":{"start":{"line":2,"column":17},"end":{"line":2,"column":42}},"2":{"start":{"line":3,"column":28},"end":{"line":3,"column":56}},"3":{"start":{"line":7,"column":33},"end":{"line":7,"column":41}},"4":{"start":{"line":9,"column":2},"end":{"line":34,"column":3}},"5":{"start":{"line":10,"column":19},"end":{"line":10,"column":62}},"6":{"start":{"line":12,"column":3},"end":{"line":30,"column":4}},"7":{"start":{"line":13,"column":18},"end":{"line":13,"column":69}},"8":{"start":{"line":14,"column":4},"end":{"line":27,"column":5}},"9":{"start":{"line":15,"column":5},"end":{"line":15,"column":62}},"10":{"start":{"line":17,"column":26},"end":{"line":21,"column":7}},"11":{"start":{"line":22,"column":5},"end":{"line":26,"column":8}},"12":{"start":{"line":29,"column":4},"end":{"line":29,"column":61}},"13":{"start":{"line":32,"column":3},"end":{"line":32,"column":20}},"14":{"start":{"line":33,"column":3},"end":{"line":33,"column":13}},"15":{"start":{"line":45,"column":6},"end":{"line":45,"column":14}},"16":{"start":{"line":46,"column":12},"end":{"line":46,"column":41}},"17":{"start":{"line":47,"column":2},"end":{"line":65,"column":3}},"18":{"start":{"line":48,"column":3},"end":{"line":56,"column":6}},"19":{"start":{"line":57,"column":3},"end":{"line":57,"column":20}},"20":{"start":{"line":58,"column":3},"end":{"line":60,"column":65}},"21":{"start":{"line":62,"column":3},"end":{"line":62,"column":22}},"22":{"start":{"line":63,"column":3},"end":{"line":63,"column":20}},"23":{"start":{"line":64,"column":3},"end":{"line":64,"column":13}},"24":{"start":{"line":69,"column":0},"end":{"line":69,"column":32}}},"fnMap":{"0":{"name":"(anonymous_0)","decl":{"start":{"line":6,"column":1},"end":{"line":6,"column":2}},"loc":{"start":{"line":6,"column":36},"end":{"line":35,"column":2}},"line":6},"1":{"name":"(anonymous_1)","decl":{"start":{"line":36,"column":1},"end":{"line":36,"column":2}},"loc":{"start":{"line":36,"column":39},"end":{"line":66,"column":2}},"line":36}},"branchMap":{"0":{"loc":{"start":{"line":12,"column":3},"end":{"line":30,"column":4}},"type":"if","locations":[{"start":{"line":12,"column":3},"end":{"line":30,"column":4}},{"start":{"line":12,"column":3},"end":{"line":30,"column":4}}],"line":12},"1":{"loc":{"start":{"line":14,"column":4},"end":{"line":27,"column":5}},"type":"if","locations":[{"start":{"line":14,"column":4},"end":{"line":27,"column":5}},{"start":{"line":14,"column":4},"end":{"line":27,"column":5}}],"line":14}},"s":{"0":1,"1":1,"2":1,"3":0,"4":0,"5":0,"6":0,"7":0,"8":0,"9":0,"10":0,"11":0,"12":0,"13":0,"14":0,"15":0,"16":0,"17":0,"18":0,"19":0,"20":0,"21":0,"22":0,"23":0,"24":1},"f":{"0":0,"1":0},"b":{"0":[0,0],"1":[0,0]},"_coverageSchema":"1a1c01bbd47fc00a2c39e90264f33305004495a9","hash":"889251af5bef8e13d3677b06759e95d5d22a2406"}
,"C:\\Users\\1\\Hacktiv8\\FinalProject\\Final-Project-Team5\\server\\helpers\\bcrypt.js": {"path":"C:\\Users\\1\\Hacktiv8\\FinalProject\\Final-Project-Team5\\server\\helpers\\bcrypt.js","statementMap":{"0":{"start":{"line":1,"column":15},"end":{"line":1,"column":34}},"1":{"start":{"line":2,"column":13},"end":{"line":2,"column":35}},"2":{"start":{"line":5,"column":2},"end":{"line":5,"column":41}},"3":{"start":{"line":8,"column":2},"end":{"line":8,"column":54}},"4":{"start":{"line":11,"column":0},"end":{"line":14,"column":2}}},"fnMap":{"0":{"name":"encodePassword","decl":{"start":{"line":4,"column":9},"end":{"line":4,"column":23}},"loc":{"start":{"line":4,"column":34},"end":{"line":6,"column":1}},"line":4},"1":{"name":"comparePassword","decl":{"start":{"line":7,"column":9},"end":{"line":7,"column":24}},"loc":{"start":{"line":7,"column":51},"end":{"line":9,"column":1}},"line":7}},"branchMap":{},"s":{"0":1,"1":1,"2":1,"3":0,"4":1},"f":{"0":1,"1":0},"b":{},"_coverageSchema":"1a1c01bbd47fc00a2c39e90264f33305004495a9","hash":"4277d56fba6da86ddcb634f64d4e2e576d24dc8f"}
,"C:\\Users\\1\\Hacktiv8\\FinalProject\\Final-Project-Team5\\server\\helpers\\dataAccounts.js": {"path":"C:\\Users\\1\\Hacktiv8\\FinalProject\\Final-Project-Team5\\server\\helpers\\dataAccounts.js","statementMap":{"0":{"start":{"line":1,"column":20},"end":{"line":1,"column":46}},"1":{"start":{"line":3,"column":15},"end":{"line":3,"column":17}},"2":{"start":{"line":5,"column":17},"end":{"line":20,"column":2}},"3":{"start":{"line":6,"column":1},"end":{"line":19,"column":2}},"4":{"start":{"line":7,"column":10},"end":{"line":7,"column":11}},"5":{"start":{"line":10,"column":21},"end":{"line":10,"column":44}},"6":{"start":{"line":12,"column":2},"end":{"line":14,"column":3}},"7":{"start":{"line":13,"column":3},"end":{"line":13,"column":41}},"8":{"start":{"line":16,"column":2},"end":{"line":16,"column":26}},"9":{"start":{"line":18,"column":2},"end":{"line":18,"column":20}},"10":{"start":{"line":22,"column":0},"end":{"line":22,"column":42}}},"fnMap":{"0":{"name":"(anonymous_0)","decl":{"start":{"line":5,"column":29},"end":{"line":5,"column":30}},"loc":{"start":{"line":5,"column":66},"end":{"line":20,"column":1}},"line":5}},"branchMap":{},"s":{"0":1,"1":1,"2":1,"3":1,"4":1,"5":1,"6":0,"7":0,"8":0,"9":1,"10":1},"f":{"0":1},"b":{},"_coverageSchema":"1a1c01bbd47fc00a2c39e90264f33305004495a9","hash":"a8f1cc5f4f5b39da5c75ce00c169a49948a12b5d"}
,"C:\\Users\\1\\Hacktiv8\\FinalProject\\Final-Project-Team5\\server\\helpers\\jwt.js": {"path":"C:\\Users\\1\\Hacktiv8\\FinalProject\\Final-Project-Team5\\server\\helpers\\jwt.js","statementMap":{"0":{"start":{"line":1,"column":12},"end":{"line":1,"column":35}},"1":{"start":{"line":2,"column":15},"end":{"line":2,"column":33}},"2":{"start":{"line":5,"column":1},"end":{"line":5,"column":34}},"3":{"start":{"line":8,"column":1},"end":{"line":8,"column":34}},"4":{"start":{"line":11,"column":0},"end":{"line":11,"column":34}}},"fnMap":{"0":{"name":"sign","decl":{"start":{"line":4,"column":9},"end":{"line":4,"column":13}},"loc":{"start":{"line":4,"column":23},"end":{"line":6,"column":1}},"line":4},"1":{"name":"verify","decl":{"start":{"line":7,"column":9},"end":{"line":7,"column":15}},"loc":{"start":{"line":7,"column":23},"end":{"line":9,"column":1}},"line":7}},"branchMap":{},"s":{"0":1,"1":1,"2":0,"3":0,"4":1},"f":{"0":0,"1":0},"b":{},"_coverageSchema":"1a1c01bbd47fc00a2c39e90264f33305004495a9","hash":"277632c2cf8037f5f328e961a914847ef3068ce9"}
,"C:\\Users\\1\\Hacktiv8\\FinalProject\\Final-Project-Team5\\server\\middlewares\\authentication.js": {"path":"C:\\Users\\1\\Hacktiv8\\FinalProject\\Final-Project-Team5\\server\\middlewares\\authentication.js","statementMap":{"0":{"start":{"line":1,"column":19},"end":{"line":1,"column":44}},"1":{"start":{"line":2,"column":17},"end":{"line":2,"column":37}},"2":{"start":{"line":3,"column":28},"end":{"line":20,"column":1}},"3":{"start":{"line":4,"column":15},"end":{"line":4,"column":39}},"4":{"start":{"line":5,"column":1},"end":{"line":19,"column":2}},"5":{"start":{"line":6,"column":18},"end":{"line":6,"column":31}},"6":{"start":{"line":7,"column":20},"end":{"line":9,"column":4}},"7":{"start":{"line":11,"column":2},"end":{"line":15,"column":4}},"8":{"start":{"line":16,"column":2},"end":{"line":16,"column":9}},"9":{"start":{"line":18,"column":2},"end":{"line":18,"column":72}},"10":{"start":{"line":21,"column":0},"end":{"line":21,"column":41}}},"fnMap":{"0":{"name":"(anonymous_0)","decl":{"start":{"line":3,"column":28},"end":{"line":3,"column":29}},"loc":{"start":{"line":3,"column":54},"end":{"line":20,"column":1}},"line":3}},"branchMap":{},"s":{"0":1,"1":1,"2":1,"3":0,"4":0,"5":0,"6":0,"7":0,"8":0,"9":0,"10":1},"f":{"0":0},"b":{},"_coverageSchema":"1a1c01bbd47fc00a2c39e90264f33305004495a9","hash":"730336240a16c5a532d63bfd08316c9c87df6ded"}
,"C:\\Users\\1\\Hacktiv8\\FinalProject\\Final-Project-Team5\\server\\middlewares\\errorHandler.js": {"path":"C:\\Users\\1\\Hacktiv8\\FinalProject\\Final-Project-Team5\\server\\middlewares\\errorHandler.js","statementMap":{"0":{"start":{"line":1,"column":21},"end":{"line":38,"column":1}},"1":{"start":{"line":2,"column":12},"end":{"line":2,"column":15}},"2":{"start":{"line":3,"column":15},"end":{"line":3,"column":40}},"3":{"start":{"line":6,"column":1},"end":{"line":36,"column":2}},"4":{"start":{"line":9,"column":3},"end":{"line":9,"column":14}},"5":{"start":{"line":10,"column":3},"end":{"line":10,"column":16}},"6":{"start":{"line":11,"column":3},"end":{"line":13,"column":4}},"7":{"start":{"line":12,"column":4},"end":{"line":12,"column":28}},"8":{"start":{"line":15,"column":3},"end":{"line":15,"column":9}},"9":{"start":{"line":17,"column":3},"end":{"line":17,"column":14}},"10":{"start":{"line":18,"column":3},"end":{"line":18,"column":29}},"11":{"start":{"line":19,"column":3},"end":{"line":19,"column":9}},"12":{"start":{"line":23,"column":3},"end":{"line":23,"column":14}},"13":{"start":{"line":24,"column":3},"end":{"line":24,"column":21}},"14":{"start":{"line":25,"column":3},"end":{"line":25,"column":9}},"15":{"start":{"line":27,"column":3},"end":{"line":27,"column":14}},"16":{"start":{"line":28,"column":3},"end":{"line":28,"column":21}},"17":{"start":{"line":29,"column":3},"end":{"line":29,"column":9}},"18":{"start":{"line":31,"column":3},"end":{"line":31,"column":14}},"19":{"start":{"line":32,"column":3},"end":{"line":32,"column":21}},"20":{"start":{"line":33,"column":3},"end":{"line":33,"column":9}},"21":{"start":{"line":35,"column":3},"end":{"line":35,"column":9}},"22":{"start":{"line":37,"column":1},"end":{"line":37,"column":36}},"23":{"start":{"line":39,"column":0},"end":{"line":39,"column":30}}},"fnMap":{"0":{"name":"(anonymous_0)","decl":{"start":{"line":1,"column":21},"end":{"line":1,"column":22}},"loc":{"start":{"line":1,"column":46},"end":{"line":38,"column":1}},"line":1}},"branchMap":{"0":{"loc":{"start":{"line":6,"column":1},"end":{"line":36,"column":2}},"type":"switch","locations":[{"start":{"line":7,"column":2},"end":{"line":7,"column":34}},{"start":{"line":8,"column":2},"end":{"line":15,"column":9}},{"start":{"line":16,"column":2},"end":{"line":19,"column":9}},{"start":{"line":20,"column":2},"end":{"line":20,"column":14}},{"start":{"line":21,"column":2},"end":{"line":21,"column":24}},{"start":{"line":22,"column":2},"end":{"line":25,"column":9}},{"start":{"line":26,"column":2},"end":{"line":29,"column":9}},{"start":{"line":30,"column":2},"end":{"line":33,"column":9}},{"start":{"line":34,"column":2},"end":{"line":35,"column":9}}],"line":6}},"s":{"0":1,"1":0,"2":0,"3":0,"4":0,"5":0,"6":0,"7":0,"8":0,"9":0,"10":0,"11":0,"12":0,"13":0,"14":0,"15":0,"16":0,"17":0,"18":0,"19":0,"20":0,"21":0,"22":0,"23":1},"f":{"0":0},"b":{"0":[0,0,0,0,0,0,0,0,0]},"_coverageSchema":"1a1c01bbd47fc00a2c39e90264f33305004495a9","hash":"cbb6b068b9135343df1a58de7b50d7efabd7e82a"}
,"C:\\Users\\1\\Hacktiv8\\FinalProject\\Final-Project-Team5\\server\\models\\account.js": {"path":"C:\\Users\\1\\Hacktiv8\\FinalProject\\Final-Project-Team5\\server\\models\\account.js","statementMap":{"0":{"start":{"line":4,"column":4},"end":{"line":4,"column":24}},"1":{"start":{"line":5,"column":0},"end":{"line":41,"column":2}},"2":{"start":{"line":14,"column":6},"end":{"line":14,"column":40}},"3":{"start":{"line":17,"column":2},"end":{"line":39,"column":5}},"4":{"start":{"line":40,"column":2},"end":{"line":40,"column":17}}},"fnMap":{"0":{"name":"(anonymous_0)","decl":{"start":{"line":5,"column":17},"end":{"line":5,"column":18}},"loc":{"start":{"line":5,"column":43},"end":{"line":41,"column":1}},"line":5},"1":{"name":"(anonymous_1)","decl":{"start":{"line":12,"column":4},"end":{"line":12,"column":5}},"loc":{"start":{"line":12,"column":29},"end":{"line":15,"column":5}},"line":12}},"branchMap":{},"s":{"0":1,"1":1,"2":1,"3":1,"4":1},"f":{"0":1,"1":1},"b":{},"_coverageSchema":"1a1c01bbd47fc00a2c39e90264f33305004495a9","hash":"3fde3844ab380c32de50bb4fe0e59cc45de368c0"}
,"C:\\Users\\1\\Hacktiv8\\FinalProject\\Final-Project-Team5\\server\\models\\category.js": {"path":"C:\\Users\\1\\Hacktiv8\\FinalProject\\Final-Project-Team5\\server\\models\\category.js","statementMap":{"0":{"start":{"line":4,"column":4},"end":{"line":4,"column":24}},"1":{"start":{"line":5,"column":0},"end":{"line":31,"column":2}},"2":{"start":{"line":16,"column":2},"end":{"line":29,"column":5}},"3":{"start":{"line":30,"column":2},"end":{"line":30,"column":18}}},"fnMap":{"0":{"name":"(anonymous_0)","decl":{"start":{"line":5,"column":17},"end":{"line":5,"column":18}},"loc":{"start":{"line":5,"column":43},"end":{"line":31,"column":1}},"line":5},"1":{"name":"(anonymous_1)","decl":{"start":{"line":12,"column":4},"end":{"line":12,"column":5}},"loc":{"start":{"line":12,"column":29},"end":{"line":14,"column":5}},"line":12}},"branchMap":{},"s":{"0":1,"1":1,"2":1,"3":1},"f":{"0":1,"1":1},"b":{},"_coverageSchema":"1a1c01bbd47fc00a2c39e90264f33305004495a9","hash":"0e262f52df23479a3c9c1bcd08ff21d7897049bb"}
,"C:\\Users\\1\\Hacktiv8\\FinalProject\\Final-Project-Team5\\server\\models\\customer.js": {"path":"C:\\Users\\1\\Hacktiv8\\FinalProject\\Final-Project-Team5\\server\\models\\customer.js","statementMap":{"0":{"start":{"line":4,"column":4},"end":{"line":4,"column":24}},"1":{"start":{"line":5,"column":0},"end":{"line":59,"column":2}},"2":{"start":{"line":14,"column":6},"end":{"line":14,"column":37}},"3":{"start":{"line":17,"column":2},"end":{"line":57,"column":5}},"4":{"start":{"line":58,"column":2},"end":{"line":58,"column":18}}},"fnMap":{"0":{"name":"(anonymous_0)","decl":{"start":{"line":5,"column":17},"end":{"line":5,"column":18}},"loc":{"start":{"line":5,"column":43},"end":{"line":59,"column":1}},"line":5},"1":{"name":"(anonymous_1)","decl":{"start":{"line":12,"column":4},"end":{"line":12,"column":5}},"loc":{"start":{"line":12,"column":29},"end":{"line":15,"column":5}},"line":12}},"branchMap":{},"s":{"0":1,"1":1,"2":1,"3":1,"4":1},"f":{"0":1,"1":1},"b":{},"_coverageSchema":"1a1c01bbd47fc00a2c39e90264f33305004495a9","hash":"8e7929df460f4949a66e56f00411518bacfcb823"}
,"C:\\Users\\1\\Hacktiv8\\FinalProject\\Final-Project-Team5\\server\\models\\index.js": {"path":"C:\\Users\\1\\Hacktiv8\\FinalProject\\Final-Project-Team5\\server\\models\\index.js","statementMap":{"0":{"start":{"line":3,"column":11},"end":{"line":3,"column":24}},"1":{"start":{"line":4,"column":13},"end":{"line":4,"column":28}},"2":{"start":{"line":5,"column":18},"end":{"line":5,"column":38}},"3":{"start":{"line":6,"column":17},"end":{"line":6,"column":42}},"4":{"start":{"line":7,"column":12},"end":{"line":7,"column":49}},"5":{"start":{"line":8,"column":15},"end":{"line":8,"column":65}},"6":{"start":{"line":9,"column":11},"end":{"line":9,"column":13}},"7":{"start":{"line":12,"column":0},"end":{"line":21,"column":1}},"8":{"start":{"line":13,"column":1},"end":{"line":13,"column":73}},"9":{"start":{"line":15,"column":1},"end":{"line":20,"column":3}},"10":{"start":{"line":23,"column":0},"end":{"line":35,"column":4}},"11":{"start":{"line":25,"column":2},"end":{"line":27,"column":4}},"12":{"start":{"line":30,"column":16},"end":{"line":33,"column":3}},"13":{"start":{"line":34,"column":2},"end":{"line":34,"column":25}},"14":{"start":{"line":37,"column":0},"end":{"line":41,"column":3}},"15":{"start":{"line":38,"column":1},"end":{"line":40,"column":2}},"16":{"start":{"line":39,"column":2},"end":{"line":39,"column":30}},"17":{"start":{"line":43,"column":0},"end":{"line":43,"column":25}},"18":{"start":{"line":44,"column":0},"end":{"line":44,"column":25}},"19":{"start":{"line":46,"column":0},"end":{"line":46,"column":20}}},"fnMap":{"0":{"name":"(anonymous_0)","decl":{"start":{"line":24,"column":9},"end":{"line":24,"column":10}},"loc":{"start":{"line":24,"column":19},"end":{"line":28,"column":2}},"line":24},"1":{"name":"(anonymous_1)","decl":{"start":{"line":29,"column":10},"end":{"line":29,"column":11}},"loc":{"start":{"line":29,"column":20},"end":{"line":35,"column":2}},"line":29},"2":{"name":"(anonymous_2)","decl":{"start":{"line":37,"column":24},"end":{"line":37,"column":25}},"loc":{"start":{"line":37,"column":39},"end":{"line":41,"column":1}},"line":37}},"branchMap":{"0":{"loc":{"start":{"line":7,"column":12},"end":{"line":7,"column":49}},"type":"binary-expr","locations":[{"start":{"line":7,"column":12},"end":{"line":7,"column":32}},{"start":{"line":7,"column":36},"end":{"line":7,"column":49}}],"line":7},"1":{"loc":{"start":{"line":12,"column":0},"end":{"line":21,"column":1}},"type":"if","locations":[{"start":{"line":12,"column":0},"end":{"line":21,"column":1}},{"start":{"line":12,"column":0},"end":{"line":21,"column":1}}],"line":12},"2":{"loc":{"start":{"line":26,"column":3},"end":{"line":26,"column":75}},"type":"binary-expr","locations":[{"start":{"line":26,"column":3},"end":{"line":26,"column":26}},{"start":{"line":26,"column":30},"end":{"line":26,"column":47}},{"start":{"line":26,"column":51},"end":{"line":26,"column":75}}],"line":26},"3":{"loc":{"start":{"line":38,"column":1},"end":{"line":40,"column":2}},"type":"if","locations":[{"start":{"line":38,"column":1},"end":{"line":40,"column":2}},{"start":{"line":38,"column":1},"end":{"line":40,"column":2}}],"line":38}},"s":{"0":1,"1":1,"2":1,"3":1,"4":1,"5":1,"6":1,"7":1,"8":0,"9":1,"10":1,"11":8,"12":7,"13":7,"14":1,"15":7,"16":7,"17":1,"18":1,"19":1},"f":{"0":8,"1":7,"2":7},"b":{"0":[1,0],"1":[0,1],"2":[8,8,7],"3":[7,0]},"_coverageSchema":"1a1c01bbd47fc00a2c39e90264f33305004495a9","hash":"1a618f1d644ce6f971df87ecf990fd5561a9a3e8"}
,"C:\\Users\\1\\Hacktiv8\\FinalProject\\Final-Project-Team5\\server\\models\\ledger.js": {"path":"C:\\Users\\1\\Hacktiv8\\FinalProject\\Final-Project-Team5\\server\\models\\ledger.js","statementMap":{"0":{"start":{"line":2,"column":18},"end":{"line":2,"column":38}},"1":{"start":{"line":3,"column":0},"end":{"line":67,"column":2}},"2":{"start":{"line":12,"column":3},"end":{"line":12,"column":33}},"3":{"start":{"line":15,"column":1},"end":{"line":65,"column":3}},"4":{"start":{"line":66,"column":1},"end":{"line":66,"column":15}}},"fnMap":{"0":{"name":"(anonymous_0)","decl":{"start":{"line":3,"column":17},"end":{"line":3,"column":18}},"loc":{"start":{"line":3,"column":43},"end":{"line":67,"column":1}},"line":3},"1":{"name":"(anonymous_1)","decl":{"start":{"line":10,"column":2},"end":{"line":10,"column":3}},"loc":{"start":{"line":10,"column":27},"end":{"line":13,"column":3}},"line":10}},"branchMap":{},"s":{"0":1,"1":1,"2":1,"3":1,"4":1},"f":{"0":1,"1":1},"b":{},"_coverageSchema":"1a1c01bbd47fc00a2c39e90264f33305004495a9","hash":"bcd9216c6df0bdc0ab69911a8beba3519c7dc7b1"}
,"C:\\Users\\1\\Hacktiv8\\FinalProject\\Final-Project-Team5\\server\\models\\product.js": {"path":"C:\\Users\\1\\Hacktiv8\\FinalProject\\Final-Project-Team5\\server\\models\\product.js","statementMap":{"0":{"start":{"line":4,"column":4},"end":{"line":4,"column":24}},"1":{"start":{"line":5,"column":0},"end":{"line":77,"column":2}},"2":{"start":{"line":14,"column":6},"end":{"line":14,"column":36}},"3":{"start":{"line":17,"column":2},"end":{"line":75,"column":5}},"4":{"start":{"line":76,"column":2},"end":{"line":76,"column":17}}},"fnMap":{"0":{"name":"(anonymous_0)","decl":{"start":{"line":5,"column":17},"end":{"line":5,"column":18}},"loc":{"start":{"line":5,"column":43},"end":{"line":77,"column":1}},"line":5},"1":{"name":"(anonymous_1)","decl":{"start":{"line":12,"column":4},"end":{"line":12,"column":5}},"loc":{"start":{"line":12,"column":29},"end":{"line":15,"column":5}},"line":12}},"branchMap":{},"s":{"0":1,"1":1,"2":1,"3":1,"4":1},"f":{"0":1,"1":1},"b":{},"_coverageSchema":"1a1c01bbd47fc00a2c39e90264f33305004495a9","hash":"b90981bb9eaa5e632094f34b243eb62a57698b54"}
,"C:\\Users\\1\\Hacktiv8\\FinalProject\\Final-Project-Team5\\server\\models\\transaction.js": {"path":"C:\\Users\\1\\Hacktiv8\\FinalProject\\Final-Project-Team5\\server\\models\\transaction.js","statementMap":{"0":{"start":{"line":2,"column":18},"end":{"line":2,"column":38}},"1":{"start":{"line":3,"column":0},"end":{"line":87,"column":2}},"2":{"start":{"line":12,"column":6},"end":{"line":12,"column":40}},"3":{"start":{"line":13,"column":6},"end":{"line":13,"column":43}},"4":{"start":{"line":14,"column":6},"end":{"line":14,"column":44}},"5":{"start":{"line":18,"column":2},"end":{"line":85,"column":5}},"6":{"start":{"line":86,"column":2},"end":{"line":86,"column":21}}},"fnMap":{"0":{"name":"(anonymous_0)","decl":{"start":{"line":3,"column":17},"end":{"line":3,"column":18}},"loc":{"start":{"line":3,"column":43},"end":{"line":87,"column":1}},"line":3},"1":{"name":"(anonymous_1)","decl":{"start":{"line":10,"column":4},"end":{"line":10,"column":5}},"loc":{"start":{"line":10,"column":29},"end":{"line":16,"column":5}},"line":10}},"branchMap":{},"s":{"0":1,"1":1,"2":1,"3":1,"4":1,"5":1,"6":1},"f":{"0":1,"1":1},"b":{},"_coverageSchema":"1a1c01bbd47fc00a2c39e90264f33305004495a9","hash":"a07d861aec926adc4e1a912442adbb1e086bfcd7"}
,"C:\\Users\\1\\Hacktiv8\\FinalProject\\Final-Project-Team5\\server\\models\\user.js": {"path":"C:\\Users\\1\\Hacktiv8\\FinalProject\\Final-Project-Team5\\server\\models\\user.js","statementMap":{"0":{"start":{"line":2,"column":27},"end":{"line":2,"column":55}},"1":{"start":{"line":3,"column":18},"end":{"line":3,"column":38}},"2":{"start":{"line":5,"column":0},"end":{"line":96,"column":2}},"3":{"start":{"line":16,"column":1},"end":{"line":91,"column":3}},"4":{"start":{"line":92,"column":1},"end":{"line":94,"column":4}},"5":{"start":{"line":93,"column":2},"end":{"line":93,"column":56}},"6":{"start":{"line":95,"column":1},"end":{"line":95,"column":13}}},"fnMap":{"0":{"name":"(anonymous_0)","decl":{"start":{"line":5,"column":17},"end":{"line":5,"column":18}},"loc":{"start":{"line":5,"column":43},"end":{"line":96,"column":1}},"line":5},"1":{"name":"(anonymous_1)","decl":{"start":{"line":12,"column":2},"end":{"line":12,"column":3}},"loc":{"start":{"line":12,"column":27},"end":{"line":14,"column":3}},"line":12},"2":{"name":"(anonymous_2)","decl":{"start":{"line":92,"column":19},"end":{"line":92,"column":20}},"loc":{"start":{"line":92,"column":42},"end":{"line":94,"column":2}},"line":92}},"branchMap":{},"s":{"0":1,"1":1,"2":1,"3":1,"4":1,"5":1,"6":1},"f":{"0":1,"1":1,"2":1},"b":{},"_coverageSchema":"1a1c01bbd47fc00a2c39e90264f33305004495a9","hash":"d0227eedb2a272923075ae4aed44fca6f19b1759"}
,"C:\\Users\\1\\Hacktiv8\\FinalProject\\Final-Project-Team5\\server\\routes\\customer.js": {"path":"C:\\Users\\1\\Hacktiv8\\FinalProject\\Final-Project-Team5\\server\\routes\\customer.js","statementMap":{"0":{"start":{"line":1,"column":16},"end":{"line":1,"column":34}},"1":{"start":{"line":2,"column":27},"end":{"line":2,"column":71}},"2":{"start":{"line":3,"column":23},"end":{"line":3,"column":39}},"3":{"start":{"line":5,"column":0},"end":{"line":5,"column":51}},"4":{"start":{"line":6,"column":0},"end":{"line":6,"column":59}},"5":{"start":{"line":8,"column":0},"end":{"line":8,"column":31}}},"fnMap":{},"branchMap":{},"s":{"0":1,"1":1,"2":1,"3":1,"4":1,"5":1},"f":{},"b":{},"_coverageSchema":"1a1c01bbd47fc00a2c39e90264f33305004495a9","hash":"cacdbec26d470512f45611fe8e158d34a79e10ba"}
,"C:\\Users\\1\\Hacktiv8\\FinalProject\\Final-Project-Team5\\server\\routes\\index.js": {"path":"C:\\Users\\1\\Hacktiv8\\FinalProject\\Final-Project-Team5\\server\\routes\\index.js","statementMap":{"0":{"start":{"line":1,"column":16},"end":{"line":1,"column":34}},"1":{"start":{"line":2,"column":21},"end":{"line":2,"column":59}},"2":{"start":{"line":3,"column":24},"end":{"line":3,"column":46}},"3":{"start":{"line":4,"column":22},"end":{"line":4,"column":42}},"4":{"start":{"line":5,"column":19},"end":{"line":5,"column":35}},"5":{"start":{"line":6,"column":13},"end":{"line":6,"column":30}},"6":{"start":{"line":7,"column":18},"end":{"line":7,"column":40}},"7":{"start":{"line":8,"column":14},"end":{"line":8,"column":32}},"8":{"start":{"line":9,"column":32},"end":{"line":9,"column":72}},"9":{"start":{"line":10,"column":26},"end":{"line":10,"column":50}},"10":{"start":{"line":11,"column":21},"end":{"line":11,"column":40}},"11":{"start":{"line":12,"column":25},"end":{"line":12,"column":48}},"12":{"start":{"line":13,"column":26},"end":{"line":13,"column":50}},"13":{"start":{"line":14,"column":23},"end":{"line":14,"column":44}},"14":{"start":{"line":15,"column":21},"end":{"line":15,"column":40}},"15":{"start":{"line":17,"column":0},"end":{"line":17,"column":30}},"16":{"start":{"line":18,"column":0},"end":{"line":18,"column":39}},"17":{"start":{"line":19,"column":0},"end":{"line":19,"column":36}},"18":{"start":{"line":20,"column":0},"end":{"line":20,"column":48}},"19":{"start":{"line":21,"column":0},"end":{"line":21,"column":32}},"20":{"start":{"line":22,"column":0},"end":{"line":22,"column":40}},"21":{"start":{"line":23,"column":0},"end":{"line":23,"column":50}},"22":{"start":{"line":24,"column":0},"end":{"line":24,"column":46}},"23":{"start":{"line":25,"column":0},"end":{"line":25,"column":42}},"24":{"start":{"line":26,"column":0},"end":{"line":26,"column":41}},"25":{"start":{"line":27,"column":0},"end":{"line":27,"column":50}},"26":{"start":{"line":29,"column":0},"end":{"line":29,"column":43}},"27":{"start":{"line":31,"column":0},"end":{"line":31,"column":29}},"28":{"start":{"line":33,"column":0},"end":{"line":33,"column":28}}},"fnMap":{},"branchMap":{},"s":{"0":1,"1":1,"2":1,"3":1,"4":1,"5":1,"6":1,"7":1,"8":1,"9":1,"10":1,"11":1,"12":1,"13":1,"14":1,"15":1,"16":1,"17":1,"18":1,"19":1,"20":1,"21":1,"22":1,"23":1,"24":1,"25":1,"26":1,"27":1,"28":1},"f":{},"b":{},"_coverageSchema":"1a1c01bbd47fc00a2c39e90264f33305004495a9","hash":"b98c5aec42cf374277bc165c7cb010e9079a13c8"}
,"C:\\Users\\1\\Hacktiv8\\FinalProject\\Final-Project-Team5\\server\\routes\\modal.js": {"path":"C:\\Users\\1\\Hacktiv8\\FinalProject\\Final-Project-Team5\\server\\routes\\modal.js","statementMap":{"0":{"start":{"line":1,"column":16},"end":{"line":1,"column":34}},"1":{"start":{"line":2,"column":20},"end":{"line":2,"column":36}},"2":{"start":{"line":3,"column":19},"end":{"line":3,"column":60}},"3":{"start":{"line":5,"column":0},"end":{"line":5,"column":51}},"4":{"start":{"line":6,"column":0},"end":{"line":6,"column":51}},"5":{"start":{"line":8,"column":0},"end":{"line":8,"column":29}}},"fnMap":{},"branchMap":{},"s":{"0":1,"1":1,"2":1,"3":1,"4":1,"5":1},"f":{},"b":{},"_coverageSchema":"1a1c01bbd47fc00a2c39e90264f33305004495a9","hash":"68d71c80978055b6c5030acbbd2fe93ad299daa0"}
,"C:\\Users\\1\\Hacktiv8\\FinalProject\\Final-Project-Team5\\server\\routes\\pembayaran.js": {"path":"C:\\Users\\1\\Hacktiv8\\FinalProject\\Final-Project-Team5\\server\\routes\\pembayaran.js","statementMap":{"0":{"start":{"line":1,"column":16},"end":{"line":1,"column":34}},"1":{"start":{"line":2,"column":40},"end":{"line":2,"column":86}},"2":{"start":{"line":3,"column":25},"end":{"line":3,"column":41}},"3":{"start":{"line":5,"column":0},"end":{"line":5,"column":70}},"4":{"start":{"line":8,"column":0},"end":{"line":8,"column":33}}},"fnMap":{},"branchMap":{},"s":{"0":1,"1":1,"2":1,"3":1,"4":1},"f":{},"b":{},"_coverageSchema":"1a1c01bbd47fc00a2c39e90264f33305004495a9","hash":"6ecf2208e32fba4414fadbaec34d99487688e338"}
,"C:\\Users\\1\\Hacktiv8\\FinalProject\\Final-Project-Team5\\server\\routes\\pembelian.js": {"path":"C:\\Users\\1\\Hacktiv8\\FinalProject\\Final-Project-Team5\\server\\routes\\pembelian.js","statementMap":{"0":{"start":{"line":1,"column":16},"end":{"line":1,"column":34}},"1":{"start":{"line":2,"column":24},"end":{"line":2,"column":40}},"2":{"start":{"line":3,"column":19},"end":{"line":3,"column":64}},"3":{"start":{"line":5,"column":0},"end":{"line":5,"column":56}},"4":{"start":{"line":6,"column":0},"end":{"line":6,"column":56}},"5":{"start":{"line":7,"column":0},"end":{"line":7,"column":60}},"6":{"start":{"line":9,"column":0},"end":{"line":9,"column":33}}},"fnMap":{},"branchMap":{},"s":{"0":1,"1":1,"2":1,"3":1,"4":1,"5":1,"6":1},"f":{},"b":{},"_coverageSchema":"1a1c01bbd47fc00a2c39e90264f33305004495a9","hash":"4a78bdf350156e5c60c9e0141748f59d4cceff19"}
,"C:\\Users\\1\\Hacktiv8\\FinalProject\\Final-Project-Team5\\server\\routes\\pengeluaran.js": {"path":"C:\\Users\\1\\Hacktiv8\\FinalProject\\Final-Project-Team5\\server\\routes\\pengeluaran.js","statementMap":{"0":{"start":{"line":1,"column":16},"end":{"line":1,"column":34}},"1":{"start":{"line":2,"column":30},"end":{"line":2,"column":77}},"2":{"start":{"line":3,"column":26},"end":{"line":3,"column":42}},"3":{"start":{"line":5,"column":0},"end":{"line":5,"column":65}},"4":{"start":{"line":6,"column":0},"end":{"line":6,"column":65}},"5":{"start":{"line":8,"column":0},"end":{"line":8,"column":35}}},"fnMap":{},"branchMap":{},"s":{"0":1,"1":1,"2":1,"3":1,"4":1,"5":1},"f":{},"b":{},"_coverageSchema":"1a1c01bbd47fc00a2c39e90264f33305004495a9","hash":"324dc88e55c7c9c561a97dbea9dc4d3b4b1b212c"}
,"C:\\Users\\1\\Hacktiv8\\FinalProject\\Final-Project-Team5\\server\\routes\\penjualan.js": {"path":"C:\\Users\\1\\Hacktiv8\\FinalProject\\Final-Project-Team5\\server\\routes\\penjualan.js","statementMap":{"0":{"start":{"line":1,"column":16},"end":{"line":1,"column":34}},"1":{"start":{"line":2,"column":28},"end":{"line":2,"column":73}},"2":{"start":{"line":3,"column":24},"end":{"line":3,"column":40}},"3":{"start":{"line":5,"column":0},"end":{"line":5,"column":64}},"4":{"start":{"line":6,"column":0},"end":{"line":6,"column":70}},"5":{"start":{"line":8,"column":0},"end":{"line":8,"column":33}}},"fnMap":{},"branchMap":{},"s":{"0":1,"1":1,"2":1,"3":1,"4":1,"5":1},"f":{},"b":{},"_coverageSchema":"1a1c01bbd47fc00a2c39e90264f33305004495a9","hash":"e3dced1a004e45f62e201bdfe83fe3953035ae2c"}
,"C:\\Users\\1\\Hacktiv8\\FinalProject\\Final-Project-Team5\\server\\routes\\product.js": {"path":"C:\\Users\\1\\Hacktiv8\\FinalProject\\Final-Project-Team5\\server\\routes\\product.js","statementMap":{"0":{"start":{"line":1,"column":16},"end":{"line":1,"column":34}},"1":{"start":{"line":2,"column":26},"end":{"line":2,"column":69}},"2":{"start":{"line":3,"column":22},"end":{"line":3,"column":38}},"3":{"start":{"line":5,"column":0},"end":{"line":5,"column":59}},"4":{"start":{"line":6,"column":0},"end":{"line":6,"column":59}},"5":{"start":{"line":8,"column":0},"end":{"line":8,"column":31}}},"fnMap":{},"branchMap":{},"s":{"0":1,"1":1,"2":1,"3":1,"4":1,"5":1},"f":{},"b":{},"_coverageSchema":"1a1c01bbd47fc00a2c39e90264f33305004495a9","hash":"2ed89cd0f62deb8640d86cb0a63adc4a23bf308a"}
,"C:\\Users\\1\\Hacktiv8\\FinalProject\\Final-Project-Team5\\server\\routes\\report.js": {"path":"C:\\Users\\1\\Hacktiv8\\FinalProject\\Final-Project-Team5\\server\\routes\\report.js","statementMap":{"0":{"start":{"line":1,"column":16},"end":{"line":1,"column":34}},"1":{"start":{"line":2,"column":25},"end":{"line":2,"column":67}},"2":{"start":{"line":3,"column":21},"end":{"line":3,"column":37}},"3":{"start":{"line":5,"column":0},"end":{"line":5,"column":56}},"4":{"start":{"line":6,"column":0},"end":{"line":6,"column":70}},"5":{"start":{"line":7,"column":0},"end":{"line":7,"column":53}},"6":{"start":{"line":9,"column":0},"end":{"line":9,"column":29}}},"fnMap":{},"branchMap":{},"s":{"0":1,"1":1,"2":1,"3":1,"4":1,"5":1,"6":1},"f":{},"b":{},"_coverageSchema":"1a1c01bbd47fc00a2c39e90264f33305004495a9","hash":"d081208a22c5b8818bd36004fdcbf1e52bce3ba5"}
,"C:\\Users\\1\\Hacktiv8\\FinalProject\\Final-Project-Team5\\server\\routes\\transaction.js": {"path":"C:\\Users\\1\\Hacktiv8\\FinalProject\\Final-Project-Team5\\server\\routes\\transaction.js","statementMap":{"0":{"start":{"line":1,"column":16},"end":{"line":1,"column":34}},"1":{"start":{"line":2,"column":30},"end":{"line":2,"column":77}},"2":{"start":{"line":3,"column":26},"end":{"line":3,"column":42}},"3":{"start":{"line":5,"column":0},"end":{"line":5,"column":65}},"4":{"start":{"line":6,"column":0},"end":{"line":6,"column":61}},"5":{"start":{"line":9,"column":0},"end":{"line":9,"column":34}}},"fnMap":{},"branchMap":{},"s":{"0":1,"1":1,"2":1,"3":1,"4":1,"5":1},"f":{},"b":{},"_coverageSchema":"1a1c01bbd47fc00a2c39e90264f33305004495a9","hash":"3e87b4568e62c9a7280e30e9db2960817e0432f9"}
,"C:\\Users\\1\\Hacktiv8\\FinalProject\\Final-Project-Team5\\server\\routes\\user.js": {"path":"C:\\Users\\1\\Hacktiv8\\FinalProject\\Final-Project-Team5\\server\\routes\\user.js","statementMap":{"0":{"start":{"line":1,"column":16},"end":{"line":1,"column":34}},"1":{"start":{"line":2,"column":19},"end":{"line":2,"column":35}},"2":{"start":{"line":3,"column":19},"end":{"line":3,"column":59}},"3":{"start":{"line":5,"column":0},"end":{"line":5,"column":44}},"4":{"start":{"line":6,"column":0},"end":{"line":6,"column":50}},"5":{"start":{"line":8,"column":0},"end":{"line":8,"column":28}}},"fnMap":{},"branchMap":{},"s":{"0":1,"1":1,"2":1,"3":1,"4":1,"5":1},"f":{},"b":{},"_coverageSchema":"1a1c01bbd47fc00a2c39e90264f33305004495a9","hash":"0947d7dd24a97bfdc7ccab92eeb6e63e5811b25f"}
,"C:\\Users\\1\\Hacktiv8\\FinalProject\\Final-Project-Team5\\server\\routes\\xendit.js": {"path":"C:\\Users\\1\\Hacktiv8\\FinalProject\\Final-Project-Team5\\server\\routes\\xendit.js","statementMap":{"0":{"start":{"line":1,"column":16},"end":{"line":1,"column":34}},"1":{"start":{"line":2,"column":40},"end":{"line":2,"column":86}},"2":{"start":{"line":3,"column":21},"end":{"line":3,"column":37}},"3":{"start":{"line":5,"column":0},"end":{"line":5,"column":70}},"4":{"start":{"line":7,"column":0},"end":{"line":7,"column":29}}},"fnMap":{},"branchMap":{},"s":{"0":1,"1":1,"2":1,"3":1,"4":1},"f":{},"b":{},"_coverageSchema":"1a1c01bbd47fc00a2c39e90264f33305004495a9","hash":"6a489875ae1741ce1787dc928ca8b52813db1b3c"}
}
