TN:
SF:app.js
FNF:0
FNH:0
DA:1,1
DA:2,1
DA:3,1
DA:4,1
DA:5,1
DA:7,1
DA:8,1
DA:9,1
DA:10,1
DA:12,1
LF:10
LH:10
BRF:0
BRH:0
end_of_record
TN:
SF:controllers/customerController.js
FN:13,(anonymous_0)
FN:28,(anonymous_1)
FNF:2
FNH:2
FNDA:2,(anonymous_0)
FNDA:3,(anonymous_1)
DA:10,1
DA:14,2
DA:15,2
DA:16,2
DA:22,1
DA:24,1
DA:29,3
DA:30,3
DA:31,3
DA:32,3
DA:34,2
DA:36,1
DA:41,1
LF:13
LH:13
BRF:0
BRH:0
end_of_record
TN:
SF:controllers/modalController.js
FN:4,(anonymous_0)
FN:33,(anonymous_1)
FNF:2
FNH:2
FNDA:2,(anonymous_0)
FNDA:2,(anonymous_1)
DA:1,1
DA:2,1
DA:5,2
DA:6,2
DA:7,2
DA:8,2
DA:9,2
DA:23,2
DA:25,1
DA:26,1
DA:28,1
DA:29,1
DA:34,2
DA:35,2
DA:36,2
DA:37,2
DA:38,2
DA:52,2
DA:53,1
DA:54,1
DA:56,1
DA:57,1
DA:62,1
LF:23
LH:23
BRF:0
BRH:0
end_of_record
TN:
SF:controllers/pembayaranPiutang.js.js
FN:13,(anonymous_0)
FN:75,(anonymous_1)
FNF:2
FNH:2
FNDA:2,(anonymous_0)
FNDA:2,(anonymous_1)
DA:10,1
DA:14,2
DA:15,2
DA:16,2
DA:18,2
DA:26,2
DA:31,2
DA:33,0
DA:34,0
DA:39,0
DA:40,0
DA:41,0
DA:43,0
DA:57,0
DA:59,2
DA:67,2
DA:68,2
DA:76,2
DA:77,2
DA:79,2
DA:80,2
DA:81,2
DA:92,2
DA:97,2
DA:98,0
DA:114,0
DA:117,0
DA:120,0
DA:123,2
DA:124,2
DA:129,1
LF:31
LH:20
BRDA:31,0,0,0
BRDA:31,0,1,2
BRF:2
BRH:1
end_of_record
TN:
SF:controllers/pembelianController.js
FN:10,(anonymous_0)
FN:39,(anonymous_1)
FN:42,(anonymous_2)
FN:150,(anonymous_3)
FN:179,(anonymous_4)
FN:182,(anonymous_5)
FN:288,(anonymous_6)
FNF:7
FNH:7
FNDA:3,(anonymous_0)
FNDA:3,(anonymous_1)
FNDA:5,(anonymous_2)
FNDA:3,(anonymous_3)
FNDA:3,(anonymous_4)
FNDA:3,(anonymous_5)
FNDA:3,(anonymous_6)
DA:7,1
DA:8,1
DA:11,3
DA:12,3
DA:13,3
DA:14,3
DA:15,3
DA:16,3
DA:17,3
DA:18,3
DA:28,3
DA:39,3
DA:40,3
DA:42,3
DA:43,5
DA:46,3
DA:47,3
DA:48,1
DA:54,2
DA:64,2
DA:66,1
DA:67,1
DA:81,1
DA:83,1
DA:85,1
DA:88,1
DA:89,1
DA:103,1
DA:104,1
DA:106,1
DA:107,1
DA:108,1
DA:109,1
DA:110,1
DA:111,1
DA:112,1
DA:113,1
DA:114,1
DA:127,1
DA:138,1
DA:140,1
DA:143,1
DA:146,1
DA:151,3
DA:152,3
DA:153,3
DA:154,3
DA:155,3
DA:156,3
DA:157,3
DA:158,3
DA:168,3
DA:179,3
DA:180,3
DA:182,3
DA:183,3
DA:186,3
DA:187,3
DA:188,1
DA:194,2
DA:204,2
DA:206,1
DA:207,1
DA:221,1
DA:223,1
DA:225,1
DA:228,1
DA:229,1
DA:243,1
DA:244,1
DA:246,1
DA:247,1
DA:248,1
DA:249,1
DA:250,1
DA:251,1
DA:252,1
DA:253,1
DA:254,1
DA:267,1
DA:278,1
DA:280,1
DA:283,1
DA:284,1
DA:289,3
DA:290,3
DA:291,3
DA:292,3
DA:293,3
DA:294,3
DA:295,3
DA:297,3
DA:307,3
DA:309,1
DA:310,1
DA:324,1
DA:326,1
DA:328,1
DA:331,2
DA:332,2
DA:346,2
DA:347,1
DA:349,1
DA:350,1
DA:351,1
DA:352,1
DA:353,1
DA:354,1
DA:355,1
DA:356,1
DA:357,1
DA:370,1
DA:377,1
DA:379,1
DA:382,1
DA:385,1
DA:389,1
LF:117
LH:117
BRDA:47,0,0,1
BRDA:47,0,1,2
BRDA:64,1,0,1
BRDA:64,1,1,1
BRDA:113,2,0,1
BRDA:113,2,1,0
BRDA:187,3,0,1
BRDA:187,3,1,2
BRDA:204,4,0,1
BRDA:204,4,1,1
BRDA:253,5,0,1
BRDA:253,5,1,0
BRDA:307,6,0,1
BRDA:307,6,1,2
BRDA:356,7,0,1
BRDA:356,7,1,0
BRF:16
BRH:13
end_of_record
TN:
SF:controllers/pengeluaranController.js
FN:10,(anonymous_0)
FN:40,(anonymous_1)
FN:43,(anonymous_2)
FN:86,(anonymous_3)
FN:115,(anonymous_4)
FN:118,(anonymous_5)
FNF:6
FNH:6
FNDA:4,(anonymous_0)
FNDA:4,(anonymous_1)
FNDA:21,(anonymous_2)
FNDA:2,(anonymous_3)
FNDA:2,(anonymous_4)
FNDA:4,(anonymous_5)
DA:7,1
DA:8,1
DA:11,4
DA:12,4
DA:13,4
DA:14,4
DA:15,4
DA:17,4
DA:18,4
DA:28,4
DA:40,4
DA:41,4
DA:43,4
DA:44,21
DA:49,4
DA:50,4
DA:52,1
DA:58,3
DA:74,3
DA:76,2
DA:78,2
DA:80,2
DA:82,2
DA:87,2
DA:88,2
DA:89,2
DA:90,2
DA:91,2
DA:93,2
DA:94,2
DA:104,2
DA:115,2
DA:116,2
DA:118,2
DA:119,4
DA:122,2
DA:123,2
DA:124,1
DA:130,1
DA:146,1
DA:148,0
DA:150,0
DA:152,2
DA:153,2
DA:158,1
LF:45
LH:43
BRDA:50,0,0,1
BRDA:50,0,1,3
BRDA:123,1,0,1
BRDA:123,1,1,1
BRF:4
BRH:4
end_of_record
TN:
SF:controllers/penjualanController.js
FN:11,(anonymous_0)
FN:144,(anonymous_1)
FNF:2
FNH:2
FNDA:5,(anonymous_0)
FNDA:4,(anonymous_1)
DA:7,1
DA:8,1
DA:12,5
DA:13,5
DA:15,5
DA:16,5
DA:17,5
DA:19,5
DA:20,0
DA:21,0
DA:23,0
DA:26,0
DA:28,0
DA:36,0
DA:49,0
DA:65,0
DA:93,0
DA:94,0
DA:95,0
DA:125,0
DA:127,0
DA:128,0
DA:131,5
DA:138,5
DA:139,5
DA:140,5
DA:145,4
DA:146,4
DA:148,4
DA:149,4
DA:150,4
DA:152,4
DA:153,0
DA:154,0
DA:156,0
DA:159,0
DA:161,0
DA:169,0
DA:182,0
DA:198,0
DA:226,0
DA:228,0
DA:229,0
DA:232,4
DA:239,4
DA:240,4
DA:241,4
DA:246,1
LF:48
LH:23
BRDA:19,0,0,0
BRDA:19,0,1,5
BRDA:26,1,0,0
BRDA:26,1,1,0
BRDA:93,2,0,0
BRDA:93,2,1,0
BRDA:152,3,0,0
BRDA:152,3,1,4
BRDA:159,4,0,0
BRDA:159,4,1,0
BRF:10
BRH:2
end_of_record
TN:
SF:controllers/productController.js
FN:4,(anonymous_0)
FN:17,(anonymous_1)
FNF:2
FNH:2
FNDA:2,(anonymous_0)
FNDA:2,(anonymous_1)
DA:1,1
DA:5,2
DA:6,2
DA:7,2
DA:11,1
DA:13,1
DA:18,2
DA:19,2
DA:20,2
DA:21,2
DA:22,1
DA:27,1
DA:30,1
DA:35,1
LF:14
LH:14
BRDA:21,0,0,1
BRDA:21,0,1,1
BRF:2
BRH:2
end_of_record
TN:
SF:controllers/reportController.js
FN:15,(anonymous_0)
FN:62,(anonymous_1)
FN:94,(anonymous_2)
FN:104,(anonymous_3)
FN:137,(anonymous_4)
FN:140,(anonymous_5)
FN:168,(anonymous_6)
FN:171,(anonymous_7)
FN:199,(anonymous_8)
FN:202,(anonymous_9)
FN:230,(anonymous_10)
FN:233,(anonymous_11)
FNF:12
FNH:6
FNDA:1,(anonymous_0)
FNDA:0,(anonymous_1)
FNDA:0,(anonymous_2)
FNDA:2,(anonymous_3)
FNDA:1,(anonymous_4)
FNDA:6,(anonymous_5)
FNDA:1,(anonymous_6)
FNDA:2,(anonymous_7)
FNDA:0,(anonymous_8)
FNDA:0,(anonymous_9)
FNDA:0,(anonymous_10)
FNDA:0,(anonymous_11)
DA:8,1
DA:9,1
DA:10,1
DA:11,1
DA:12,1
DA:16,1
DA:17,1
DA:18,1
DA:20,1
DA:24,1
DA:35,1
DA:45,1
DA:55,1
DA:58,0
DA:63,0
DA:64,0
DA:65,0
DA:67,0
DA:68,0
DA:69,0
DA:78,0
DA:86,0
DA:94,0
DA:95,0
DA:98,0
DA:100,0
DA:105,2
DA:106,2
DA:107,2
DA:108,2
DA:109,2
DA:110,2
DA:111,2
DA:112,2
DA:113,2
DA:114,2
DA:115,2
DA:116,2
DA:126,1
DA:137,1
DA:138,1
DA:140,1
DA:141,6
DA:144,1
DA:147,1
DA:157,1
DA:168,1
DA:169,1
DA:171,1
DA:172,2
DA:175,1
DA:178,1
DA:188,1
DA:199,1
DA:200,0
DA:202,1
DA:203,0
DA:206,1
DA:209,1
DA:219,1
DA:230,1
DA:231,0
DA:233,1
DA:234,0
DA:237,1
DA:239,1
DA:241,1
DA:245,1
DA:246,1
DA:247,1
DA:252,1
LF:71
LH:54
BRF:0
BRH:0
end_of_record
TN:
SF:controllers/transactionController.js
FN:13,(anonymous_0)
FN:30,(anonymous_1)
FNF:2
FNH:2
FNDA:2,(anonymous_0)
FNDA:2,(anonymous_1)
DA:10,1
DA:14,2
DA:15,2
DA:16,2
DA:24,1
DA:26,1
DA:31,2
DA:32,2
DA:33,2
DA:41,1
DA:43,1
DA:48,1
LF:12
LH:12
BRF:0
BRH:0
end_of_record
TN:
SF:controllers/userController.js
FN:6,(anonymous_0)
FN:36,(anonymous_1)
FNF:2
FNH:2
FNDA:4,(anonymous_0)
FNDA:4,(anonymous_1)
DA:1,1
DA:2,1
DA:3,1
DA:7,4
DA:9,4
DA:10,4
DA:12,4
DA:13,2
DA:14,2
DA:15,1
DA:17,1
DA:22,1
DA:29,2
DA:32,3
DA:33,3
DA:45,4
DA:46,4
DA:47,4
DA:48,4
DA:57,1
DA:58,1
DA:62,3
DA:63,3
DA:64,3
DA:69,1
LF:25
LH:25
BRDA:12,0,0,2
BRDA:12,0,1,2
BRDA:14,1,0,1
BRDA:14,1,1,1
BRF:4
BRH:4
end_of_record
TN:
SF:helpers/bcrypt.js
FN:4,encodePassword
FN:7,comparePassword
FNF:2
FNH:2
FNDA:3,encodePassword
FNDA:2,comparePassword
DA:1,1
DA:2,1
DA:5,3
DA:8,2
DA:11,1
LF:5
LH:5
BRF:0
BRH:0
end_of_record
TN:
SF:helpers/dataAccounts.js
FN:5,(anonymous_0)
FNF:1
FNH:1
FNDA:1,(anonymous_0)
DA:1,1
DA:3,1
DA:5,1
DA:6,1
DA:7,1
DA:10,1
DA:12,1
DA:13,10
DA:16,1
DA:18,0
DA:22,1
LF:11
LH:10
BRF:0
BRH:0
end_of_record
TN:
SF:helpers/jwt.js
FN:4,sign
FN:7,verify
FNF:2
FNH:2
FNDA:1,sign
FNDA:47,verify
DA:1,1
DA:2,1
DA:5,1
DA:8,47
DA:11,1
LF:5
LH:5
BRF:0
BRH:0
end_of_record
TN:
SF:middlewares/authentication.js
FN:3,(anonymous_0)
FNF:1
FNH:1
FNDA:47,(anonymous_0)
DA:1,1
DA:2,1
DA:3,1
DA:4,47
DA:5,47
DA:6,47
DA:7,46
DA:11,46
DA:16,46
DA:18,1
DA:21,1
LF:11
LH:11
BRF:0
BRH:0
end_of_record
TN:
SF:middlewares/errorHandler.js
FN:1,(anonymous_0)
FNF:1
FNH:1
FNDA:36,(anonymous_0)
DA:1,1
DA:2,36
DA:3,36
DA:6,36
DA:9,4
DA:10,4
DA:11,4
DA:12,12
DA:15,4
DA:17,5
DA:18,5
DA:19,5
DA:23,7
DA:24,7
DA:25,7
DA:27,1
DA:28,1
DA:29,1
DA:32,3
DA:33,3
DA:34,3
DA:36,16
DA:38,36
DA:40,1
LF:24
LH:24
BRDA:6,0,0,3
BRDA:6,0,1,4
BRDA:6,0,2,5
BRDA:6,0,3,3
BRDA:6,0,4,5
BRDA:6,0,5,7
BRDA:6,0,6,1
BRDA:6,0,7,2
BRDA:6,0,8,3
BRDA:6,0,9,16
BRF:10
BRH:10
end_of_record
TN:
SF:models/account.js
FN:5,(anonymous_0)
FN:12,(anonymous_1)
FNF:2
FNH:2
FNDA:1,(anonymous_0)
FNDA:1,(anonymous_1)
DA:4,1
DA:5,1
DA:14,1
DA:17,1
DA:40,1
LF:5
LH:5
BRF:0
BRH:0
end_of_record
TN:
SF:models/category.js
FN:5,(anonymous_0)
FN:12,(anonymous_1)
FNF:2
FNH:2
FNDA:1,(anonymous_0)
FNDA:1,(anonymous_1)
DA:4,1
DA:5,1
DA:16,1
DA:30,1
LF:4
LH:4
BRF:0
BRH:0
end_of_record
TN:
SF:models/customer.js
FN:5,(anonymous_0)
FN:12,(anonymous_1)
FNF:2
FNH:2
FNDA:1,(anonymous_0)
FNDA:1,(anonymous_1)
DA:4,1
DA:5,1
DA:14,1
DA:17,1
DA:58,1
LF:5
LH:5
BRF:0
BRH:0
end_of_record
TN:
SF:models/index.js
FN:24,(anonymous_0)
FN:29,(anonymous_1)
FN:37,(anonymous_2)
FNF:3
FNH:3
FNDA:8,(anonymous_0)
FNDA:7,(anonymous_1)
FNDA:7,(anonymous_2)
DA:3,1
DA:4,1
DA:5,1
DA:6,1
DA:7,1
DA:8,1
DA:9,1
DA:12,1
DA:13,0
DA:15,1
DA:23,1
DA:25,8
DA:30,7
DA:34,7
DA:37,1
DA:38,7
DA:39,7
DA:43,1
DA:44,1
DA:46,1
LF:20
LH:19
BRDA:7,0,0,1
BRDA:7,0,1,0
BRDA:12,1,0,0
BRDA:12,1,1,1
BRDA:26,2,0,8
BRDA:26,2,1,8
BRDA:26,2,2,7
BRDA:38,3,0,7
BRDA:38,3,1,0
BRF:9
BRH:6
end_of_record
TN:
SF:models/ledger.js
FN:3,(anonymous_0)
FN:10,(anonymous_1)
FNF:2
FNH:2
FNDA:1,(anonymous_0)
FNDA:1,(anonymous_1)
DA:2,1
DA:3,1
DA:12,1
DA:15,1
DA:66,1
LF:5
LH:5
BRF:0
BRH:0
end_of_record
TN:
SF:models/product.js
FN:5,(anonymous_0)
FN:12,(anonymous_1)
FNF:2
FNH:2
FNDA:1,(anonymous_0)
FNDA:1,(anonymous_1)
DA:4,1
DA:5,1
DA:14,1
DA:17,1
DA:76,1
LF:5
LH:5
BRF:0
BRH:0
end_of_record
TN:
SF:models/transaction.js
FN:3,(anonymous_0)
FN:10,(anonymous_1)
FNF:2
FNH:2
FNDA:1,(anonymous_0)
FNDA:1,(anonymous_1)
DA:2,1
DA:3,1
DA:12,1
DA:13,1
DA:14,1
DA:18,1
DA:86,1
LF:7
LH:7
BRF:0
BRH:0
end_of_record
TN:
SF:models/user.js
FN:5,(anonymous_0)
FN:12,(anonymous_1)
FN:92,(anonymous_2)
FNF:3
FNH:3
FNDA:1,(anonymous_0)
FNDA:1,(anonymous_1)
FNDA:3,(anonymous_2)
DA:2,1
DA:3,1
DA:5,1
DA:16,1
DA:92,1
DA:93,3
DA:95,1
LF:7
LH:7
BRF:0
BRH:0
end_of_record
TN:
SF:routes/customer.js
FNF:0
FNH:0
DA:1,1
DA:2,1
DA:3,1
DA:5,1
DA:6,1
DA:8,1
LF:6
LH:6
BRF:0
BRH:0
end_of_record
TN:
SF:routes/index.js
FNF:0
FNH:0
DA:1,1
DA:2,1
DA:3,1
DA:4,1
DA:5,1
DA:6,1
DA:7,1
DA:8,1
DA:9,1
DA:10,1
DA:11,1
DA:12,1
DA:13,1
DA:14,1
DA:15,1
DA:17,1
DA:18,1
DA:19,1
DA:20,1
DA:21,1
DA:22,1
DA:23,1
DA:24,1
DA:25,1
DA:26,1
DA:27,1
DA:29,1
DA:31,1
DA:33,1
LF:29
LH:29
BRF:0
BRH:0
end_of_record
TN:
SF:routes/modal.js
FNF:0
FNH:0
DA:1,1
DA:2,1
DA:3,1
DA:5,1
DA:6,1
DA:8,1
LF:6
LH:6
BRF:0
BRH:0
end_of_record
TN:
SF:routes/pembayaran.js
FNF:0
FNH:0
DA:1,1
DA:4,1
DA:5,1
DA:7,1
DA:10,1
LF:5
LH:5
BRF:0
BRH:0
end_of_record
TN:
SF:routes/pembelian.js
FNF:0
FNH:0
DA:1,1
DA:2,1
DA:3,1
DA:5,1
DA:6,1
DA:7,1
DA:9,1
LF:7
LH:7
BRF:0
BRH:0
end_of_record
TN:
SF:routes/pengeluaran.js
FNF:0
FNH:0
DA:1,1
DA:2,1
DA:3,1
DA:5,1
DA:6,1
DA:8,1
LF:6
LH:6
BRF:0
BRH:0
end_of_record
TN:
SF:routes/penjualan.js
FNF:0
FNH:0
DA:1,1
DA:2,1
DA:3,1
DA:5,1
DA:6,1
DA:8,1
LF:6
LH:6
BRF:0
BRH:0
end_of_record
TN:
SF:routes/product.js
FNF:0
FNH:0
DA:1,1
DA:2,1
DA:3,1
DA:5,1
DA:6,1
DA:8,1
LF:6
LH:6
BRF:0
BRH:0
end_of_record
TN:
SF:routes/report.js
FNF:0
FNH:0
DA:1,1
DA:2,1
DA:3,1
DA:5,1
DA:6,1
DA:7,1
DA:9,1
LF:7
LH:7
BRF:0
BRH:0
end_of_record
TN:
SF:routes/transaction.js
FNF:0
FNH:0
DA:1,1
DA:2,1
DA:3,1
DA:5,1
DA:6,1
DA:9,1
LF:6
LH:6
BRF:0
BRH:0
end_of_record
TN:
SF:routes/user.js
FNF:0
FNH:0
DA:1,1
DA:2,1
DA:3,1
DA:5,1
DA:6,1
DA:8,1
LF:6
LH:6
BRF:0
BRH:0
end_of_record
TN:
SF:routes/xendit.js
FNF:0
FNH:0
DA:1,1
DA:2,1
DA:3,1
DA:5,1
DA:7,1
LF:5
LH:5
BRF:0
BRH:0
end_of_record
