TN:
SF:app.js
FNF:0
FNH:0
DA:1,1
DA:2,1
DA:3,1
DA:4,1
DA:5,1
DA:6,1
DA:8,1
DA:9,1
DA:10,1
DA:11,1
DA:13,1
LF:11
LH:11
BRF:0
BRH:0
end_of_record
TN:
SF:controllers/modalController.js
FN:4,(anonymous_0)
FN:32,(anonymous_1)
FNF:2
FNH:2
FNDA:1,(anonymous_0)
FNDA:1,(anonymous_1)
DA:1,1
DA:2,1
DA:5,1
DA:6,1
DA:7,1
DA:8,1
DA:9,1
DA:23,1
DA:24,1
DA:25,1
DA:27,0
DA:28,0
DA:33,1
DA:34,1
DA:35,1
DA:36,1
DA:37,1
DA:51,1
DA:52,1
DA:53,1
DA:55,0
DA:56,0
DA:61,1
LF:23
LH:19
BRF:0
BRH:0
end_of_record
TN:
SF:controllers/pembelianController.js
FN:10,(anonymous_0)
FN:39,(anonymous_1)
FN:42,(anonymous_2)
FN:147,(anonymous_3)
FNF:4
FNH:4
FNDA:3,(anonymous_0)
FNDA:6,(anonymous_1)
FNDA:4,(anonymous_2)
FNDA:1,(anonymous_3)
DA:7,1
DA:8,1
DA:11,3
DA:12,3
DA:13,3
DA:14,3
DA:15,3
DA:16,3
DA:17,3
DA:18,3
DA:28,3
DA:39,3
DA:40,6
DA:42,3
DA:43,4
DA:46,3
DA:47,3
DA:48,0
DA:51,3
DA:61,3
DA:63,2
DA:64,2
DA:78,2
DA:80,2
DA:82,2
DA:85,1
DA:86,1
DA:100,1
DA:101,1
DA:103,1
DA:104,1
DA:105,1
DA:106,1
DA:107,1
DA:108,1
DA:109,1
DA:110,1
DA:111,1
DA:117,0
DA:123,1
DA:133,1
DA:135,1
DA:138,0
DA:142,0
DA:143,0
DA:144,0
DA:148,1
DA:149,1
DA:150,1
DA:151,1
DA:152,1
DA:153,1
DA:154,1
DA:156,1
DA:166,1
DA:168,0
DA:169,0
DA:183,0
DA:185,0
DA:187,0
DA:190,1
DA:191,1
DA:205,1
DA:206,1
DA:208,1
DA:209,1
DA:210,1
DA:211,1
DA:212,1
DA:213,1
DA:214,1
DA:215,1
DA:216,1
DA:222,0
DA:228,1
DA:234,1
DA:236,1
DA:239,0
DA:240,0
DA:241,0
DA:245,1
LF:81
LH:66
BRDA:47,0,0,0
BRDA:47,0,1,3
BRDA:61,1,0,2
BRDA:61,1,1,1
BRDA:110,2,0,1
BRDA:110,2,1,0
BRDA:166,3,0,0
BRDA:166,3,1,1
BRDA:215,4,0,1
BRDA:215,4,1,0
BRF:10
BRH:6
end_of_record
TN:
SF:controllers/pengeluaranController.js
FN:12,(anonymous_0)
FN:42,(anonymous_1)
FN:45,(anonymous_2)
FN:82,(anonymous_3)
FN:111,(anonymous_4)
FN:114,(anonymous_5)
FNF:6
FNH:0
FNDA:0,(anonymous_0)
FNDA:0,(anonymous_1)
FNDA:0,(anonymous_2)
FNDA:0,(anonymous_3)
FNDA:0,(anonymous_4)
FNDA:0,(anonymous_5)
DA:7,1
DA:9,1
DA:13,0
DA:14,0
DA:15,0
DA:16,0
DA:17,0
DA:19,0
DA:20,0
DA:31,0
DA:42,0
DA:43,0
DA:45,0
DA:46,0
DA:49,0
DA:50,0
DA:51,0
DA:54,0
DA:70,0
DA:72,0
DA:74,0
DA:76,0
DA:77,0
DA:78,0
DA:83,0
DA:84,0
DA:85,0
DA:86,0
DA:87,0
DA:89,0
DA:90,0
DA:100,0
DA:111,0
DA:112,0
DA:114,0
DA:115,0
DA:118,0
DA:119,0
DA:120,0
DA:123,0
DA:139,0
DA:141,0
DA:143,0
DA:145,0
DA:146,0
DA:151,1
LF:46
LH:3
BRDA:50,0,0,0
BRDA:50,0,1,0
BRDA:119,1,0,0
BRDA:119,1,1,0
BRF:4
BRH:0
end_of_record
TN:
SF:controllers/penjualanController.js
FN:10,(anonymous_0)
FN:155,(anonymous_1)
FNF:2
FNH:0
FNDA:0,(anonymous_0)
FNDA:0,(anonymous_1)
DA:7,1
DA:11,0
DA:12,0
DA:16,0
DA:20,0
DA:21,0
DA:22,0
DA:23,0
DA:28,0
DA:29,0
DA:30,0
DA:31,0
DA:36,0
DA:37,0
DA:38,0
DA:39,0
DA:45,0
DA:47,0
DA:55,0
DA:68,0
DA:69,0
DA:81,0
DA:85,0
DA:99,0
DA:105,0
DA:133,0
DA:135,0
DA:136,0
DA:139,0
DA:146,0
DA:150,0
DA:151,0
DA:156,0
DA:157,0
DA:158,0
DA:159,0
DA:161,0
DA:162,0
DA:163,0
DA:165,0
DA:166,0
DA:167,0
DA:170,0
DA:172,0
DA:180,0
DA:193,0
DA:194,0
DA:206,0
DA:210,0
DA:226,0
DA:254,0
DA:256,0
DA:257,0
DA:260,0
DA:267,0
DA:268,0
DA:273,1
LF:57
LH:2
BRDA:36,0,0,0
BRDA:36,0,1,0
BRDA:45,1,0,0
BRDA:45,1,1,0
BRDA:68,2,0,0
BRDA:68,2,1,0
BRDA:165,3,0,0
BRDA:165,3,1,0
BRDA:170,4,0,0
BRDA:170,4,1,0
BRDA:193,5,0,0
BRDA:193,5,1,0
BRF:12
BRH:0
end_of_record
TN:
SF:controllers/productController.js
FN:4,(anonymous_0)
FN:17,(anonymous_1)
FNF:2
FNH:2
FNDA:1,(anonymous_0)
FNDA:1,(anonymous_1)
DA:1,1
DA:5,1
DA:6,1
DA:7,1
DA:11,1
DA:13,0
DA:18,1
DA:19,1
DA:23,1
DA:24,1
DA:26,1
DA:28,0
DA:32,0
DA:37,1
LF:14
LH:11
BRF:0
BRH:0
end_of_record
TN:
SF:controllers/userController.js
FN:6,(anonymous_0)
FN:36,(anonymous_1)
FNF:2
FNH:2
FNDA:4,(anonymous_0)
FNDA:4,(anonymous_1)
DA:1,1
DA:2,1
DA:3,1
DA:7,4
DA:9,4
DA:10,4
DA:12,4
DA:13,2
DA:14,2
DA:15,1
DA:17,1
DA:22,1
DA:29,2
DA:32,3
DA:33,3
DA:45,4
DA:46,4
DA:47,4
DA:48,4
DA:57,1
DA:58,1
DA:62,3
DA:63,3
DA:64,3
DA:69,1
LF:25
LH:25
BRDA:12,0,0,2
BRDA:12,0,1,2
BRDA:14,1,0,1
BRDA:14,1,1,1
BRF:4
BRH:4
end_of_record
TN:
SF:helpers/bcrypt.js
FN:4,encodePassword
FN:7,comparePassword
FNF:2
FNH:2
FNDA:3,encodePassword
FNDA:2,comparePassword
DA:1,1
DA:2,1
DA:5,3
DA:8,2
DA:11,1
LF:5
LH:5
BRF:0
BRH:0
end_of_record
TN:
SF:helpers/dataAccounts.js
FN:5,(anonymous_0)
FNF:1
FNH:1
FNDA:1,(anonymous_0)
DA:1,1
DA:3,1
DA:5,1
DA:6,1
DA:7,1
DA:10,1
DA:12,1
DA:13,10
DA:16,1
DA:18,0
DA:22,1
LF:11
LH:10
BRF:0
BRH:0
end_of_record
TN:
SF:helpers/jwt.js
FN:4,sign
FN:7,verify
FNF:2
FNH:2
FNDA:1,sign
FNDA:8,verify
DA:1,1
DA:2,1
DA:5,1
DA:8,8
DA:11,1
LF:5
LH:5
BRDA:2,0,0,1
BRDA:2,0,1,0
BRF:2
BRH:1
end_of_record
TN:
SF:middlewares/authentication.js
FN:3,(anonymous_0)
FNF:1
FNH:1
FNDA:8,(anonymous_0)
DA:1,1
DA:2,1
DA:3,1
DA:4,8
DA:5,8
DA:6,8
DA:7,8
DA:10,8
DA:11,0
DA:13,8
DA:18,8
DA:20,0
DA:21,0
DA:22,0
DA:24,0
DA:28,1
LF:16
LH:11
BRDA:10,0,0,0
BRDA:10,0,1,8
BRDA:21,1,0,0
BRDA:21,1,1,0
BRF:4
BRH:1
end_of_record
TN:
SF:middlewares/errorHandler.js
FN:1,(anonymous_0)
FN:12,(anonymous_1)
FNF:2
FNH:2
FNDA:6,(anonymous_0)
FNDA:10,(anonymous_1)
DA:1,1
DA:2,6
DA:3,6
DA:4,6
DA:9,3
DA:10,3
DA:12,3
DA:13,10
DA:15,3
DA:16,3
DA:17,0
DA:18,0
DA:23,3
DA:27,1
LF:14
LH:12
BRDA:4,0,0,3
BRDA:4,0,1,3
BRDA:5,1,0,6
BRDA:5,1,1,4
BRDA:5,1,2,3
BRDA:16,2,0,0
BRDA:16,2,1,3
BRF:7
BRH:6
end_of_record
TN:
SF:models/account.js
FN:5,(anonymous_0)
FN:12,(anonymous_1)
FNF:2
FNH:2
FNDA:1,(anonymous_0)
FNDA:1,(anonymous_1)
DA:4,1
DA:5,1
DA:14,1
DA:17,1
DA:40,1
LF:5
LH:5
BRF:0
BRH:0
end_of_record
TN:
SF:models/category.js
FN:5,(anonymous_0)
FN:12,(anonymous_1)
FNF:2
FNH:2
FNDA:1,(anonymous_0)
FNDA:1,(anonymous_1)
DA:4,1
DA:5,1
DA:16,1
DA:30,1
LF:4
LH:4
BRF:0
BRH:0
end_of_record
TN:
SF:models/customer.js
FN:5,(anonymous_0)
FN:12,(anonymous_1)
FNF:2
FNH:2
FNDA:1,(anonymous_0)
FNDA:1,(anonymous_1)
DA:4,1
DA:5,1
DA:14,1
DA:17,1
DA:58,1
LF:5
LH:5
BRF:0
BRH:0
end_of_record
TN:
SF:models/index.js
FN:24,(anonymous_0)
FN:29,(anonymous_1)
FN:37,(anonymous_2)
FNF:3
FNH:3
FNDA:8,(anonymous_0)
FNDA:7,(anonymous_1)
FNDA:7,(anonymous_2)
DA:3,1
DA:4,1
DA:5,1
DA:6,1
DA:7,1
DA:8,1
DA:9,1
DA:12,1
DA:13,0
DA:15,1
DA:23,1
DA:25,8
DA:30,7
DA:34,7
DA:37,1
DA:38,7
DA:39,7
DA:43,1
DA:44,1
DA:46,1
LF:20
LH:19
BRDA:7,0,0,1
BRDA:7,0,1,0
BRDA:12,1,0,0
BRDA:12,1,1,1
BRDA:26,2,0,8
BRDA:26,2,1,8
BRDA:26,2,2,7
BRDA:38,3,0,7
BRDA:38,3,1,0
BRF:9
BRH:6
end_of_record
TN:
SF:models/ledger.js
FN:5,(anonymous_0)
FN:12,(anonymous_1)
FNF:2
FNH:2
FNDA:1,(anonymous_0)
FNDA:1,(anonymous_1)
DA:4,1
DA:5,1
DA:14,1
DA:17,1
DA:68,1
LF:5
LH:5
BRF:0
BRH:0
end_of_record
TN:
SF:models/product.js
FN:5,(anonymous_0)
FN:12,(anonymous_1)
FNF:2
FNH:2
FNDA:1,(anonymous_0)
FNDA:1,(anonymous_1)
DA:4,1
DA:5,1
DA:14,1
DA:17,1
DA:76,1
LF:5
LH:5
BRF:0
BRH:0
end_of_record
TN:
SF:models/transaction.js
FN:3,(anonymous_0)
FN:10,(anonymous_1)
FNF:2
FNH:2
FNDA:1,(anonymous_0)
FNDA:1,(anonymous_1)
DA:2,1
DA:3,1
DA:12,1
DA:13,1
DA:16,1
DA:87,1
LF:6
LH:6
BRF:0
BRH:0
end_of_record
TN:
SF:models/user.js
FN:6,(anonymous_0)
FN:13,(anonymous_1)
FN:93,(anonymous_2)
FNF:3
FNH:3
FNDA:1,(anonymous_0)
FNDA:1,(anonymous_1)
FNDA:3,(anonymous_2)
DA:3,1
DA:4,1
DA:6,1
DA:17,1
DA:93,1
DA:94,3
DA:95,3
DA:96,3
DA:99,1
LF:9
LH:9
BRDA:95,0,0,3
BRDA:95,0,1,0
BRF:2
BRH:1
end_of_record
TN:
SF:routes/index.js
FNF:0
FNH:0
DA:1,1
DA:2,1
DA:3,1
DA:4,1
DA:5,1
DA:6,1
DA:7,1
DA:8,1
DA:9,1
DA:10,1
DA:12,1
DA:13,1
DA:14,1
DA:15,1
DA:16,1
DA:17,1
DA:18,1
DA:20,1
DA:22,1
LF:19
LH:19
BRF:0
BRH:0
end_of_record
TN:
SF:routes/modal.js
FNF:0
FNH:0
DA:1,1
DA:2,1
DA:3,1
DA:5,1
DA:6,1
DA:8,1
LF:6
LH:6
BRF:0
BRH:0
end_of_record
TN:
SF:routes/pembelian.js
FNF:0
FNH:0
DA:1,1
DA:2,1
DA:3,1
DA:5,1
DA:6,1
DA:8,1
LF:6
LH:6
BRF:0
BRH:0
end_of_record
TN:
SF:routes/pengeluaran.js
FNF:0
FNH:0
DA:1,1
DA:2,1
DA:3,1
DA:5,1
DA:6,1
DA:8,1
LF:6
LH:6
BRF:0
BRH:0
end_of_record
TN:
SF:routes/penjualan.js
FNF:0
FNH:0
DA:1,1
DA:2,1
DA:3,1
DA:5,1
DA:6,1
DA:8,1
LF:6
LH:6
BRF:0
BRH:0
end_of_record
TN:
SF:routes/product.js
FNF:0
FNH:0
DA:1,1
DA:2,1
DA:3,1
DA:5,1
DA:6,1
DA:8,1
LF:6
LH:6
BRF:0
BRH:0
end_of_record
TN:
SF:routes/user.js
FNF:0
FNH:0
DA:1,1
DA:2,1
DA:3,1
DA:5,1
DA:6,1
DA:8,1
LF:6
LH:6
BRF:0
BRH:0
end_of_record
